000 (2273351.000.000) 2024-03-19 11:34:39 Job submitted from host: <134.75.124.127:9618?addrs=134.75.124.127-9618&alias=ui20.sdfarm.kr&noUDP&sock=schedd_5058_f21d>
...
040 (2273351.000.000) 2024-03-19 12:00:14 Started transferring input files
	Transferring to host: <134.75.127.204:9618?addrs=134.75.127.204-9618&alias=cms-t3-wn3015.sdfarm.kr&noUDP&sock=slot1_28_8742_479d_3956>
...
040 (2273351.000.000) 2024-03-19 12:00:14 Finished transferring input files
...
001 (2273351.000.000) 2024-03-19 12:00:15 Job executing on host: <134.75.127.204:9618?addrs=134.75.127.204-9618&alias=cms-t3-wn3015.sdfarm.kr&noUDP&sock=startd_8640_e65b>
...
006 (2273351.000.000) 2024-03-19 12:00:24 Image size of job updated: 68832
	1  -  MemoryUsage of job (MB)
	792  -  ResidentSetSize of job (KB)
...
006 (2273351.000.000) 2024-03-19 12:01:24 Image size of job updated: 9232072
	1  -  MemoryUsage of job (MB)
	792  -  ResidentSetSize of job (KB)
...
040 (2273351.000.000) 2024-03-19 12:01:24 Started transferring output files
...
040 (2273351.000.000) 2024-03-19 12:01:24 Finished transferring output files
...
005 (2273351.000.000) 2024-03-19 12:01:24 Job terminated.
	(1) Normal termination (return value 0)
		Usr 0 00:02:35, Sys 0 00:00:14  -  Run Remote Usage
		Usr 0 00:00:00, Sys 0 00:00:00  -  Run Local Usage
		Usr 0 00:02:35, Sys 0 00:00:14  -  Total Remote Usage
		Usr 0 00:00:00, Sys 0 00:00:00  -  Total Local Usage
	509696  -  Run Bytes Sent By Job
	12213  -  Run Bytes Received By Job
	509696  -  Total Bytes Sent By Job
	12213  -  Total Bytes Received By Job
	Partitionable Resources :     Usage  Request Allocated 
	   Cpus                 :      5.78        8         8 
	   Disk (KB)            : 679665          15    376531 
	   Memory (MB)          :      1        7000      7040 

	Job terminated of its own accord at 2024-03-19T03:01:24Z with exit-code 0.
...
