000 (2273392.000.000) 2024-03-19 11:34:44 Job submitted from host: <134.75.124.127:9618?addrs=134.75.124.127-9618&alias=ui20.sdfarm.kr&noUDP&sock=schedd_5058_f21d>
...
040 (2273392.000.000) 2024-03-19 12:11:53 Started transferring input files
	Transferring to host: <134.75.127.203:9618?addrs=134.75.127.203-9618&alias=cms-t3-wn3014.sdfarm.kr&noUDP&sock=slot1_4_68060_2d49_182841>
...
040 (2273392.000.000) 2024-03-19 12:11:53 Finished transferring input files
...
001 (2273392.000.000) 2024-03-19 12:11:54 Job executing on host: <134.75.127.203:9618?addrs=134.75.127.203-9618&alias=cms-t3-wn3014.sdfarm.kr&noUDP&sock=startd_3629_c547>
...
006 (2273392.000.000) 2024-03-19 12:12:04 Image size of job updated: 66364
	1  -  MemoryUsage of job (MB)
	796  -  ResidentSetSize of job (KB)
...
006 (2273392.000.000) 2024-03-19 12:12:52 Image size of job updated: 9387628
	1  -  MemoryUsage of job (MB)
	796  -  ResidentSetSize of job (KB)
...
040 (2273392.000.000) 2024-03-19 12:12:53 Started transferring output files
...
040 (2273392.000.000) 2024-03-19 12:12:53 Finished transferring output files
...
005 (2273392.000.000) 2024-03-19 12:12:53 Job terminated.
	(1) Normal termination (return value 0)
		Usr 0 00:02:52, Sys 0 00:00:14  -  Run Remote Usage
		Usr 0 00:00:00, Sys 0 00:00:00  -  Run Local Usage
		Usr 0 00:02:52, Sys 0 00:00:14  -  Total Remote Usage
		Usr 0 00:00:00, Sys 0 00:00:00  -  Total Local Usage
	509656  -  Run Bytes Sent By Job
	12213  -  Run Bytes Received By Job
	509656  -  Total Bytes Sent By Job
	12213  -  Total Bytes Received By Job
	Partitionable Resources :     Usage  Request Allocated 
	   Cpus                 :      5.30        8         8 
	   Disk (KB)            : 750360          15    376659 
	   Memory (MB)          :      1        7000      7040 

	Job terminated of its own accord at 2024-03-19T03:12:52Z with exit-code 0.
...
