000 (2273370.000.000) 2024-03-19 11:34:41 Job submitted from host: <134.75.124.127:9618?addrs=134.75.124.127-9618&alias=ui20.sdfarm.kr&noUDP&sock=schedd_5058_f21d>
...
040 (2273370.000.000) 2024-03-19 12:03:59 Started transferring input files
	Transferring to host: <134.75.127.116:9618?addrs=134.75.127.116-9618&alias=condor-wn1012.sdfarm.kr&noUDP&sock=slot1_42_56623_c698_204081>
...
040 (2273370.000.000) 2024-03-19 12:03:59 Finished transferring input files
...
001 (2273370.000.000) 2024-03-19 12:04:00 Job executing on host: <134.75.127.116:9618?addrs=134.75.127.116-9618&alias=condor-wn1012.sdfarm.kr&noUDP&sock=startd_3635_e2d9>
...
006 (2273370.000.000) 2024-03-19 12:04:10 Image size of job updated: 692276
	79  -  MemoryUsage of job (MB)
	80668  -  ResidentSetSize of job (KB)
...
006 (2273370.000.000) 2024-03-19 12:05:12 Image size of job updated: 9379804
	80  -  MemoryUsage of job (MB)
	81852  -  ResidentSetSize of job (KB)
...
040 (2273370.000.000) 2024-03-19 12:05:12 Started transferring output files
...
040 (2273370.000.000) 2024-03-19 12:05:12 Finished transferring output files
...
005 (2273370.000.000) 2024-03-19 12:05:12 Job terminated.
	(1) Normal termination (return value 0)
		Usr 0 00:02:09, Sys 0 00:00:13  -  Run Remote Usage
		Usr 0 00:00:00, Sys 0 00:00:00  -  Run Local Usage
		Usr 0 00:02:09, Sys 0 00:00:13  -  Total Remote Usage
		Usr 0 00:00:00, Sys 0 00:00:00  -  Total Local Usage
	509646  -  Run Bytes Sent By Job
	12213  -  Run Bytes Received By Job
	509646  -  Total Bytes Sent By Job
	12213  -  Total Bytes Received By Job
	Partitionable Resources :     Usage  Request Allocated 
	   Cpus                 :      3.57        8         8 
	   Disk (KB)            : 672075          15    376706 
	   Memory (MB)          :     80        7000      7040 

	Job terminated of its own accord at 2024-03-19T03:05:12Z with exit-code 0.
...
