000 (2273300.000.000) 2024-03-19 11:34:33 Job submitted from host: <134.75.124.127:9618?addrs=134.75.124.127-9618&alias=ui20.sdfarm.kr&noUDP&sock=schedd_5058_f21d>
...
040 (2273300.000.000) 2024-03-19 11:35:53 Started transferring input files
	Transferring to host: <134.75.127.192:9618?addrs=134.75.127.192-9618&alias=cms-t3-wn3003.sdfarm.kr&noUDP&sock=slot1_44_10182_e3d7_192368>
...
040 (2273300.000.000) 2024-03-19 11:35:53 Finished transferring input files
...
001 (2273300.000.000) 2024-03-19 11:35:54 Job executing on host: <134.75.127.192:9618?addrs=134.75.127.192-9618&alias=cms-t3-wn3003.sdfarm.kr&noUDP&sock=startd_3626_b67f>
...
006 (2273300.000.000) 2024-03-19 11:36:02 Image size of job updated: 692344
	1  -  MemoryUsage of job (MB)
	804  -  ResidentSetSize of job (KB)
...
006 (2273300.000.000) 2024-03-19 11:36:49 Image size of job updated: 9093964
	1  -  MemoryUsage of job (MB)
	804  -  ResidentSetSize of job (KB)
...
040 (2273300.000.000) 2024-03-19 11:36:49 Started transferring output files
...
040 (2273300.000.000) 2024-03-19 11:36:49 Finished transferring output files
...
005 (2273300.000.000) 2024-03-19 11:36:49 Job terminated.
	(1) Normal termination (return value 0)
		Usr 0 00:01:11, Sys 0 00:00:10  -  Run Remote Usage
		Usr 0 00:00:00, Sys 0 00:00:00  -  Run Local Usage
		Usr 0 00:01:11, Sys 0 00:00:10  -  Total Remote Usage
		Usr 0 00:00:00, Sys 0 00:00:00  -  Total Local Usage
	509478  -  Run Bytes Sent By Job
	12213  -  Run Bytes Received By Job
	509478  -  Total Bytes Sent By Job
	12213  -  Total Bytes Received By Job
	Partitionable Resources :     Usage  Request Allocated 
	   Cpus                 :      7.96        8         8 
	   Disk (KB)            : 738102          15    156468 
	   Memory (MB)          :      1        7000      7040 

	Job terminated of its own accord at 2024-03-19T02:36:49Z with exit-code 0.
...
