000 (2273375.000.000) 2024-03-19 11:34:42 Job submitted from host: <134.75.124.127:9618?addrs=134.75.124.127-9618&alias=ui20.sdfarm.kr&noUDP&sock=schedd_5058_f21d>
...
040 (2273375.000.000) 2024-03-19 12:05:27 Started transferring input files
	Transferring to host: <134.75.127.191:9618?addrs=134.75.127.191-9618&alias=cms-t3-wn3002.sdfarm.kr&noUDP&sock=slot1_28_5739_6502_87656>
...
040 (2273375.000.000) 2024-03-19 12:05:27 Finished transferring input files
...
001 (2273375.000.000) 2024-03-19 12:05:28 Job executing on host: <134.75.127.191:9618?addrs=134.75.127.191-9618&alias=cms-t3-wn3002.sdfarm.kr&noUDP&sock=startd_5644_e49d>
...
006 (2273375.000.000) 2024-03-19 12:05:37 Image size of job updated: 677408
	1  -  MemoryUsage of job (MB)
	800  -  ResidentSetSize of job (KB)
...
006 (2273375.000.000) 2024-03-19 12:06:54 Image size of job updated: 9363112
	1  -  MemoryUsage of job (MB)
	800  -  ResidentSetSize of job (KB)
...
040 (2273375.000.000) 2024-03-19 12:06:54 Started transferring output files
...
040 (2273375.000.000) 2024-03-19 12:06:54 Finished transferring output files
...
005 (2273375.000.000) 2024-03-19 12:06:54 Job terminated.
	(1) Normal termination (return value 0)
		Usr 0 00:02:28, Sys 0 00:00:13  -  Run Remote Usage
		Usr 0 00:00:00, Sys 0 00:00:00  -  Run Local Usage
		Usr 0 00:02:28, Sys 0 00:00:13  -  Total Remote Usage
		Usr 0 00:00:00, Sys 0 00:00:00  -  Total Local Usage
	509654  -  Run Bytes Sent By Job
	12213  -  Run Bytes Received By Job
	509654  -  Total Bytes Sent By Job
	12213  -  Total Bytes Received By Job
	Partitionable Resources :     Usage  Request Allocated 
	   Cpus                 :      1.44        8         8 
	   Disk (KB)            : 697372          15    161862 
	   Memory (MB)          :      1        7000      7040 

	Job terminated of its own accord at 2024-03-19T03:06:54Z with exit-code 0.
...
