000 (2273364.000.000) 2024-03-19 11:34:40 Job submitted from host: <134.75.124.127:9618?addrs=134.75.124.127-9618&alias=ui20.sdfarm.kr&noUDP&sock=schedd_5058_f21d>
...
040 (2273364.000.000) 2024-03-19 12:03:04 Started transferring input files
	Transferring to host: <134.75.127.204:9618?addrs=134.75.127.204-9618&alias=cms-t3-wn3015.sdfarm.kr&noUDP&sock=slot1_21_8742_479d_3959>
...
040 (2273364.000.000) 2024-03-19 12:03:04 Finished transferring input files
...
001 (2273364.000.000) 2024-03-19 12:03:05 Job executing on host: <134.75.127.204:9618?addrs=134.75.127.204-9618&alias=cms-t3-wn3015.sdfarm.kr&noUDP&sock=startd_8640_e65b>
...
006 (2273364.000.000) 2024-03-19 12:03:14 Image size of job updated: 832
	1  -  MemoryUsage of job (MB)
	804  -  ResidentSetSize of job (KB)
...
006 (2273364.000.000) 2024-03-19 12:05:17 Image size of job updated: 9406228
	1  -  MemoryUsage of job (MB)
	804  -  ResidentSetSize of job (KB)
...
040 (2273364.000.000) 2024-03-19 12:05:18 Started transferring output files
...
040 (2273364.000.000) 2024-03-19 12:05:18 Finished transferring output files
...
005 (2273364.000.000) 2024-03-19 12:05:18 Job terminated.
	(1) Normal termination (return value 0)
		Usr 0 00:02:25, Sys 0 00:00:13  -  Run Remote Usage
		Usr 0 00:00:00, Sys 0 00:00:00  -  Run Local Usage
		Usr 0 00:02:25, Sys 0 00:00:13  -  Total Remote Usage
		Usr 0 00:00:00, Sys 0 00:00:00  -  Total Local Usage
	509621  -  Run Bytes Sent By Job
	12213  -  Run Bytes Received By Job
	509621  -  Total Bytes Sent By Job
	12213  -  Total Bytes Received By Job
	Partitionable Resources :     Usage  Request Allocated 
	   Cpus                 :      0.25        8         8 
	   Disk (KB)            : 717913          15    376531 
	   Memory (MB)          :      1        7000      7040 

	Job terminated of its own accord at 2024-03-19T03:05:17Z with exit-code 0.
...
