000 (2273335.000.000) 2024-03-19 11:34:37 Job submitted from host: <134.75.124.127:9618?addrs=134.75.124.127-9618&alias=ui20.sdfarm.kr&noUDP&sock=schedd_5058_f21d>
...
040 (2273335.000.000) 2024-03-19 11:56:01 Started transferring input files
	Transferring to host: <134.75.125.49:9618?addrs=134.75.125.49-9618&alias=kiaf-wn1006.sdfarm.kr&noUDP&sock=slot1_46_3482_2247_146932>
...
040 (2273335.000.000) 2024-03-19 11:56:01 Finished transferring input files
...
001 (2273335.000.000) 2024-03-19 11:56:03 Job executing on host: <134.75.125.49:9618?addrs=134.75.125.49-9618&alias=kiaf-wn1006.sdfarm.kr&noUDP&sock=startd_3420_69fc>
...
006 (2273335.000.000) 2024-03-19 11:56:11 Image size of job updated: 24948
	25  -  MemoryUsage of job (MB)
	24948  -  ResidentSetSize of job (KB)
...
006 (2273335.000.000) 2024-03-19 11:57:38 Image size of job updated: 9206632
	25  -  MemoryUsage of job (MB)
	24948  -  ResidentSetSize of job (KB)
...
040 (2273335.000.000) 2024-03-19 11:57:38 Started transferring output files
...
040 (2273335.000.000) 2024-03-19 11:57:38 Finished transferring output files
...
005 (2273335.000.000) 2024-03-19 11:57:38 Job terminated.
	(1) Normal termination (return value 0)
		Usr 0 00:02:05, Sys 0 00:00:12  -  Run Remote Usage
		Usr 0 00:00:00, Sys 0 00:00:00  -  Run Local Usage
		Usr 0 00:02:05, Sys 0 00:00:12  -  Total Remote Usage
		Usr 0 00:00:00, Sys 0 00:00:00  -  Total Local Usage
	509615  -  Run Bytes Sent By Job
	12213  -  Run Bytes Received By Job
	509615  -  Total Bytes Sent By Job
	12213  -  Total Bytes Received By Job
	Partitionable Resources :     Usage  Request Allocated 
	   Cpus                 :      2.70        8         8 
	   Disk (KB)            : 672075          15    365511 
	   Memory (MB)          :     25        7000      7040 

	Job terminated of its own accord at 2024-03-19T02:57:38Z with exit-code 0.
...
