000 (2273303.000.000) 2024-03-19 11:34:33 Job submitted from host: <134.75.124.127:9618?addrs=134.75.124.127-9618&alias=ui20.sdfarm.kr&noUDP&sock=schedd_5058_f21d>
...
040 (2273303.000.000) 2024-03-19 11:38:12 Started transferring input files
	Transferring to host: <134.75.124.92:9618?addrs=134.75.124.92-9618&alias=condor-wn2209.sdfarm.kr&noUDP&sock=slot1_30_3587_1dab_203664>
...
040 (2273303.000.000) 2024-03-19 11:38:12 Finished transferring input files
...
001 (2273303.000.000) 2024-03-19 11:38:13 Job executing on host: <134.75.124.92:9618?addrs=134.75.124.92-9618&alias=condor-wn2209.sdfarm.kr&noUDP&sock=startd_3524_bfd6>
...
006 (2273303.000.000) 2024-03-19 11:38:21 Image size of job updated: 64276
	1  -  MemoryUsage of job (MB)
	800  -  ResidentSetSize of job (KB)
...
006 (2273303.000.000) 2024-03-19 11:39:58 Image size of job updated: 9328900
	1  -  MemoryUsage of job (MB)
	800  -  ResidentSetSize of job (KB)
...
040 (2273303.000.000) 2024-03-19 11:39:58 Started transferring output files
...
040 (2273303.000.000) 2024-03-19 11:39:58 Finished transferring output files
...
005 (2273303.000.000) 2024-03-19 11:39:58 Job terminated.
	(1) Normal termination (return value 0)
		Usr 0 00:01:49, Sys 0 00:00:09  -  Run Remote Usage
		Usr 0 00:00:00, Sys 0 00:00:00  -  Run Local Usage
		Usr 0 00:01:49, Sys 0 00:00:09  -  Total Remote Usage
		Usr 0 00:00:00, Sys 0 00:00:00  -  Total Local Usage
	509711  -  Run Bytes Sent By Job
	12213  -  Run Bytes Received By Job
	509711  -  Total Bytes Sent By Job
	12213  -  Total Bytes Received By Job
	Partitionable Resources :     Usage  Request Allocated 
	   Cpus                 :      1.88        8         8 
	   Disk (KB)            : 672075          15    376073 
	   Memory (MB)          :      1        7000      7040 

	Job terminated of its own accord at 2024-03-19T02:39:58Z with exit-code 0.
...
