000 (2273403.000.000) 2024-03-19 11:34:45 Job submitted from host: <134.75.124.127:9618?addrs=134.75.124.127-9618&alias=ui20.sdfarm.kr&noUDP&sock=schedd_5058_f21d>
...
040 (2273403.000.000) 2024-03-19 12:14:06 Started transferring input files
	Transferring to host: <134.75.127.108:9618?addrs=134.75.127.108-9618&alias=condor-wn1004.sdfarm.kr&noUDP&sock=slot1_11_4808_6bbd_6369>
...
040 (2273403.000.000) 2024-03-19 12:14:06 Finished transferring input files
...
001 (2273403.000.000) 2024-03-19 12:14:07 Job executing on host: <134.75.127.108:9618?addrs=134.75.127.108-9618&alias=condor-wn1004.sdfarm.kr&noUDP&sock=startd_4711_eec0>
...
006 (2273403.000.000) 2024-03-19 12:14:16 Image size of job updated: 9156
	9  -  MemoryUsage of job (MB)
	8540  -  ResidentSetSize of job (KB)
...
006 (2273403.000.000) 2024-03-19 12:14:45 Image size of job updated: 8940400
	11  -  MemoryUsage of job (MB)
	10872  -  ResidentSetSize of job (KB)
...
040 (2273403.000.000) 2024-03-19 12:14:45 Started transferring output files
...
040 (2273403.000.000) 2024-03-19 12:14:45 Finished transferring output files
...
005 (2273403.000.000) 2024-03-19 12:14:46 Job terminated.
	(1) Normal termination (return value 0)
		Usr 0 00:01:50, Sys 0 00:00:13  -  Run Remote Usage
		Usr 0 00:00:00, Sys 0 00:00:00  -  Run Local Usage
		Usr 0 00:01:50, Sys 0 00:00:13  -  Total Remote Usage
		Usr 0 00:00:00, Sys 0 00:00:00  -  Total Local Usage
	509619  -  Run Bytes Sent By Job
	12213  -  Run Bytes Received By Job
	509619  -  Total Bytes Sent By Job
	12213  -  Total Bytes Received By Job
	Partitionable Resources :     Usage  Request Allocated 
	   Cpus                 :      0.51        8         8 
	   Disk (KB)            : 672075          15    376477 
	   Memory (MB)          :     11        7000      7040 

	Job terminated of its own accord at 2024-03-19T03:14:45Z with exit-code 0.
...
