000 (2273304.000.000) 2024-03-19 11:34:33 Job submitted from host: <134.75.124.127:9618?addrs=134.75.124.127-9618&alias=ui20.sdfarm.kr&noUDP&sock=schedd_5058_f21d>
...
040 (2273304.000.000) 2024-03-19 11:40:29 Started transferring input files
	Transferring to host: <134.75.127.114:9618?addrs=134.75.127.114-9618&alias=condor-wn1010.sdfarm.kr&noUDP&sock=slot1_35_4956_b343_325141>
...
040 (2273304.000.000) 2024-03-19 11:40:29 Finished transferring input files
...
001 (2273304.000.000) 2024-03-19 11:40:30 Job executing on host: <134.75.127.114:9618?addrs=134.75.127.114-9618&alias=condor-wn1010.sdfarm.kr&noUDP&sock=startd_3630_74e0>
...
006 (2273304.000.000) 2024-03-19 11:40:40 Image size of job updated: 52712
	1  -  MemoryUsage of job (MB)
	800  -  ResidentSetSize of job (KB)
...
006 (2273304.000.000) 2024-03-19 11:42:14 Image size of job updated: 9226504
	1  -  MemoryUsage of job (MB)
	800  -  ResidentSetSize of job (KB)
...
040 (2273304.000.000) 2024-03-19 11:42:14 Started transferring output files
...
040 (2273304.000.000) 2024-03-19 11:42:14 Finished transferring output files
...
005 (2273304.000.000) 2024-03-19 11:42:14 Job terminated.
	(1) Normal termination (return value 0)
		Usr 0 00:02:07, Sys 0 00:00:14  -  Run Remote Usage
		Usr 0 00:00:00, Sys 0 00:00:00  -  Run Local Usage
		Usr 0 00:02:07, Sys 0 00:00:14  -  Total Remote Usage
		Usr 0 00:00:00, Sys 0 00:00:00  -  Total Local Usage
	509627  -  Run Bytes Sent By Job
	12213  -  Run Bytes Received By Job
	509627  -  Total Bytes Sent By Job
	12213  -  Total Bytes Received By Job
	Partitionable Resources :     Usage  Request Allocated 
	   Cpus                 :      1.76        8         8 
	   Disk (KB)            : 719249          15    376705 
	   Memory (MB)          :      1        7000      7040 

	Job terminated of its own accord at 2024-03-19T02:42:14Z with exit-code 0.
...
