000 (2273314.000.000) 2024-03-19 11:34:34 Job submitted from host: <134.75.124.127:9618?addrs=134.75.124.127-9618&alias=ui20.sdfarm.kr&noUDP&sock=schedd_5058_f21d>
...
040 (2273314.000.000) 2024-03-19 11:48:05 Started transferring input files
	Transferring to host: <134.75.127.211:9618?addrs=134.75.127.211-9618&alias=cms-t3-wn3022.sdfarm.kr&noUDP&sock=slot1_52_4975_1663_4766>
...
040 (2273314.000.000) 2024-03-19 11:48:05 Finished transferring input files
...
001 (2273314.000.000) 2024-03-19 11:48:06 Job executing on host: <134.75.127.211:9618?addrs=134.75.127.211-9618&alias=cms-t3-wn3022.sdfarm.kr&noUDP&sock=startd_4839_bae0>
...
006 (2273314.000.000) 2024-03-19 11:48:15 Image size of job updated: 2224
	1  -  MemoryUsage of job (MB)
	804  -  ResidentSetSize of job (KB)
...
006 (2273314.000.000) 2024-03-19 11:50:01 Image size of job updated: 9354456
	1  -  MemoryUsage of job (MB)
	804  -  ResidentSetSize of job (KB)
...
040 (2273314.000.000) 2024-03-19 11:50:01 Started transferring output files
...
040 (2273314.000.000) 2024-03-19 11:50:01 Finished transferring output files
...
005 (2273314.000.000) 2024-03-19 11:50:01 Job terminated.
	(1) Normal termination (return value 0)
		Usr 0 00:02:11, Sys 0 00:00:12  -  Run Remote Usage
		Usr 0 00:00:00, Sys 0 00:00:00  -  Run Local Usage
		Usr 0 00:02:11, Sys 0 00:00:12  -  Total Remote Usage
		Usr 0 00:00:00, Sys 0 00:00:00  -  Total Local Usage
	509629  -  Run Bytes Sent By Job
	12213  -  Run Bytes Received By Job
	509629  -  Total Bytes Sent By Job
	12213  -  Total Bytes Received By Job
	Partitionable Resources :     Usage  Request Allocated 
	   Cpus                 :      1.65        8         8 
	   Disk (KB)            : 699901          15    376528 
	   Memory (MB)          :      1        7000      7040 

	Job terminated of its own accord at 2024-03-19T02:50:01Z with exit-code 0.
...
