000 (2273323.000.000) 2024-03-19 11:34:35 Job submitted from host: <134.75.124.127:9618?addrs=134.75.124.127-9618&alias=ui20.sdfarm.kr&noUDP&sock=schedd_5058_f21d>
...
040 (2273323.000.000) 2024-03-19 11:51:30 Started transferring input files
	Transferring to host: <134.75.127.192:9618?addrs=134.75.127.192-9618&alias=cms-t3-wn3003.sdfarm.kr&noUDP&sock=slot1_57_10182_e3d7_192394>
...
040 (2273323.000.000) 2024-03-19 11:51:30 Finished transferring input files
...
001 (2273323.000.000) 2024-03-19 11:51:31 Job executing on host: <134.75.127.192:9618?addrs=134.75.127.192-9618&alias=cms-t3-wn3003.sdfarm.kr&noUDP&sock=startd_3626_b67f>
...
006 (2273323.000.000) 2024-03-19 11:51:40 Image size of job updated: 526336
	3  -  MemoryUsage of job (MB)
	2104  -  ResidentSetSize of job (KB)
...
006 (2273323.000.000) 2024-03-19 11:52:17 Image size of job updated: 9168632
	6  -  MemoryUsage of job (MB)
	5460  -  ResidentSetSize of job (KB)
...
040 (2273323.000.000) 2024-03-19 11:52:17 Started transferring output files
...
040 (2273323.000.000) 2024-03-19 11:52:17 Finished transferring output files
...
005 (2273323.000.000) 2024-03-19 11:52:17 Job terminated.
	(1) Normal termination (return value 0)
		Usr 0 00:02:09, Sys 0 00:00:12  -  Run Remote Usage
		Usr 0 00:00:00, Sys 0 00:00:00  -  Run Local Usage
		Usr 0 00:02:09, Sys 0 00:00:12  -  Total Remote Usage
		Usr 0 00:00:00, Sys 0 00:00:00  -  Total Local Usage
	509630  -  Run Bytes Sent By Job
	12213  -  Run Bytes Received By Job
	509630  -  Total Bytes Sent By Job
	12213  -  Total Bytes Received By Job
	Partitionable Resources :     Usage  Request Allocated 
	   Cpus                 :      4.41        8         8 
	   Disk (KB)            : 672075          15    156468 
	   Memory (MB)          :      6        7000      7040 

	Job terminated of its own accord at 2024-03-19T02:52:17Z with exit-code 0.
...
