000 (2273363.000.000) 2024-03-19 11:34:40 Job submitted from host: <134.75.124.127:9618?addrs=134.75.124.127-9618&alias=ui20.sdfarm.kr&noUDP&sock=schedd_5058_f21d>
...
040 (2273363.000.000) 2024-03-19 12:03:04 Started transferring input files
	Transferring to host: <134.75.127.193:9618?addrs=134.75.127.193-9618&alias=cms-t3-wn3004.sdfarm.kr&noUDP&sock=slot1_22_54706_136a_4714>
...
040 (2273363.000.000) 2024-03-19 12:03:04 Finished transferring input files
...
001 (2273363.000.000) 2024-03-19 12:03:05 Job executing on host: <134.75.127.193:9618?addrs=134.75.127.193-9618&alias=cms-t3-wn3004.sdfarm.kr&noUDP&sock=startd_54671_564e>
...
006 (2273363.000.000) 2024-03-19 12:03:14 Image size of job updated: 1184
	1  -  MemoryUsage of job (MB)
	792  -  ResidentSetSize of job (KB)
...
006 (2273363.000.000) 2024-03-19 12:04:01 Image size of job updated: 9295124
	1  -  MemoryUsage of job (MB)
	792  -  ResidentSetSize of job (KB)
...
040 (2273363.000.000) 2024-03-19 12:04:01 Started transferring output files
...
040 (2273363.000.000) 2024-03-19 12:04:01 Finished transferring output files
...
005 (2273363.000.000) 2024-03-19 12:04:01 Job terminated.
	(1) Normal termination (return value 0)
		Usr 0 00:02:34, Sys 0 00:00:11  -  Run Remote Usage
		Usr 0 00:00:00, Sys 0 00:00:00  -  Run Local Usage
		Usr 0 00:02:34, Sys 0 00:00:11  -  Total Remote Usage
		Usr 0 00:00:00, Sys 0 00:00:00  -  Total Local Usage
	509723  -  Run Bytes Sent By Job
	12213  -  Run Bytes Received By Job
	509723  -  Total Bytes Sent By Job
	12213  -  Total Bytes Received By Job
	Partitionable Resources :     Usage  Request Allocated 
	   Cpus                 :      5.28        8         8 
	   Disk (KB)            : 766909          15    376514 
	   Memory (MB)          :      1        7000      7040 

	Job terminated of its own accord at 2024-03-19T03:04:01Z with exit-code 0.
...
