000 (2273391.000.000) 2024-03-19 11:34:44 Job submitted from host: <134.75.124.127:9618?addrs=134.75.124.127-9618&alias=ui20.sdfarm.kr&noUDP&sock=schedd_5058_f21d>
...
040 (2273391.000.000) 2024-03-19 12:11:26 Started transferring input files
	Transferring to host: <134.75.127.209:9618?addrs=134.75.127.209-9618&alias=cms-t3-wn3020.sdfarm.kr&noUDP&sock=slot1_15_21384_b65f_181857>
...
040 (2273391.000.000) 2024-03-19 12:11:26 Finished transferring input files
...
001 (2273391.000.000) 2024-03-19 12:11:27 Job executing on host: <134.75.127.209:9618?addrs=134.75.127.209-9618&alias=cms-t3-wn3020.sdfarm.kr&noUDP&sock=startd_3625_06e6>
...
006 (2273391.000.000) 2024-03-19 12:11:36 Image size of job updated: 1056
	1  -  MemoryUsage of job (MB)
	804  -  ResidentSetSize of job (KB)
...
006 (2273391.000.000) 2024-03-19 12:12:35 Image size of job updated: 8967336
	1  -  MemoryUsage of job (MB)
	804  -  ResidentSetSize of job (KB)
...
040 (2273391.000.000) 2024-03-19 12:12:36 Started transferring output files
...
040 (2273391.000.000) 2024-03-19 12:12:36 Finished transferring output files
...
005 (2273391.000.000) 2024-03-19 12:12:36 Job terminated.
	(1) Normal termination (return value 0)
		Usr 0 00:02:42, Sys 0 00:00:14  -  Run Remote Usage
		Usr 0 00:00:00, Sys 0 00:00:00  -  Run Local Usage
		Usr 0 00:02:42, Sys 0 00:00:14  -  Total Remote Usage
		Usr 0 00:00:00, Sys 0 00:00:00  -  Total Local Usage
	509638  -  Run Bytes Sent By Job
	12213  -  Run Bytes Received By Job
	509638  -  Total Bytes Sent By Job
	12213  -  Total Bytes Received By Job
	Partitionable Resources :     Usage  Request Allocated 
	   Cpus                 :      6.89        8         8 
	   Disk (KB)            : 672075          15    376659 
	   Memory (MB)          :      1        7000      7040 

	Job terminated of its own accord at 2024-03-19T03:12:35Z with exit-code 0.
...
