000 (2273348.000.000) 2024-03-19 11:34:38 Job submitted from host: <134.75.124.127:9618?addrs=134.75.124.127-9618&alias=ui20.sdfarm.kr&noUDP&sock=schedd_5058_f21d>
...
040 (2273348.000.000) 2024-03-19 11:59:45 Started transferring input files
	Transferring to host: <134.75.127.194:9618?addrs=134.75.127.194-9618&alias=cms-t3-wn3005.sdfarm.kr&noUDP&sock=slot1_49_12543_6d97_181652>
...
040 (2273348.000.000) 2024-03-19 11:59:45 Finished transferring input files
...
001 (2273348.000.000) 2024-03-19 11:59:46 Job executing on host: <134.75.127.194:9618?addrs=134.75.127.194-9618&alias=cms-t3-wn3005.sdfarm.kr&noUDP&sock=startd_3625_06e6>
...
006 (2273348.000.000) 2024-03-19 11:59:55 Image size of job updated: 808
	1  -  MemoryUsage of job (MB)
	800  -  ResidentSetSize of job (KB)
...
006 (2273348.000.000) 2024-03-19 12:01:44 Image size of job updated: 9317260
	1  -  MemoryUsage of job (MB)
	800  -  ResidentSetSize of job (KB)
...
040 (2273348.000.000) 2024-03-19 12:01:44 Started transferring output files
...
040 (2273348.000.000) 2024-03-19 12:01:44 Finished transferring output files
...
005 (2273348.000.000) 2024-03-19 12:01:44 Job terminated.
	(1) Normal termination (return value 0)
		Usr 0 00:02:26, Sys 0 00:00:12  -  Run Remote Usage
		Usr 0 00:00:00, Sys 0 00:00:00  -  Run Local Usage
		Usr 0 00:02:26, Sys 0 00:00:12  -  Total Remote Usage
		Usr 0 00:00:00, Sys 0 00:00:00  -  Total Local Usage
	509647  -  Run Bytes Sent By Job
	12213  -  Run Bytes Received By Job
	509647  -  Total Bytes Sent By Job
	12213  -  Total Bytes Received By Job
	Partitionable Resources :     Usage  Request Allocated 
	   Cpus                 :      0.80        8         8 
	   Disk (KB)            : 846147          15    376659 
	   Memory (MB)          :      1        7000      7040 

	Job terminated of its own accord at 2024-03-19T03:01:44Z with exit-code 0.
...
