000 (2273356.000.000) 2024-03-19 11:34:39 Job submitted from host: <134.75.124.127:9618?addrs=134.75.124.127-9618&alias=ui20.sdfarm.kr&noUDP&sock=schedd_5058_f21d>
...
040 (2273356.000.000) 2024-03-19 12:01:40 Started transferring input files
	Transferring to host: <134.75.127.173:9618?addrs=134.75.127.173-9618&alias=bio-wn3005.sdfarm.kr&noUDP&sock=slot1_49_8764_c7dd_4895>
...
040 (2273356.000.000) 2024-03-19 12:01:40 Finished transferring input files
...
001 (2273356.000.000) 2024-03-19 12:01:41 Job executing on host: <134.75.127.173:9618?addrs=134.75.127.173-9618&alias=bio-wn3005.sdfarm.kr&noUDP&sock=startd_8617_1fad>
...
006 (2273356.000.000) 2024-03-19 12:01:51 Image size of job updated: 23192
	1  -  MemoryUsage of job (MB)
	800  -  ResidentSetSize of job (KB)
...
006 (2273356.000.000) 2024-03-19 12:03:30 Image size of job updated: 9357788
	1  -  MemoryUsage of job (MB)
	800  -  ResidentSetSize of job (KB)
...
040 (2273356.000.000) 2024-03-19 12:03:30 Started transferring output files
...
040 (2273356.000.000) 2024-03-19 12:03:30 Finished transferring output files
...
005 (2273356.000.000) 2024-03-19 12:03:30 Job terminated.
	(1) Normal termination (return value 0)
		Usr 0 00:02:54, Sys 0 00:00:14  -  Run Remote Usage
		Usr 0 00:00:00, Sys 0 00:00:00  -  Run Local Usage
		Usr 0 00:02:54, Sys 0 00:00:14  -  Total Remote Usage
		Usr 0 00:00:00, Sys 0 00:00:00  -  Total Local Usage
	509705  -  Run Bytes Sent By Job
	12213  -  Run Bytes Received By Job
	509705  -  Total Bytes Sent By Job
	12213  -  Total Bytes Received By Job
	Partitionable Resources :     Usage  Request Allocated 
	   Cpus                 :      3.80        8         8 
	   Disk (KB)            : 672075          15    376572 
	   Memory (MB)          :      1        7000      7040 

	Job terminated of its own accord at 2024-03-19T03:03:30Z with exit-code 0.
...
