000 (2273357.000.000) 2024-03-19 11:34:39 Job submitted from host: <134.75.124.127:9618?addrs=134.75.124.127-9618&alias=ui20.sdfarm.kr&noUDP&sock=schedd_5058_f21d>
...
040 (2273357.000.000) 2024-03-19 12:01:40 Started transferring input files
	Transferring to host: <134.75.127.204:9618?addrs=134.75.127.204-9618&alias=cms-t3-wn3015.sdfarm.kr&noUDP&sock=slot1_21_8742_479d_3957>
...
040 (2273357.000.000) 2024-03-19 12:01:40 Finished transferring input files
...
001 (2273357.000.000) 2024-03-19 12:01:41 Job executing on host: <134.75.127.204:9618?addrs=134.75.127.204-9618&alias=cms-t3-wn3015.sdfarm.kr&noUDP&sock=startd_8640_e65b>
...
006 (2273357.000.000) 2024-03-19 12:01:50 Image size of job updated: 742944
	1  -  MemoryUsage of job (MB)
	800  -  ResidentSetSize of job (KB)
...
006 (2273357.000.000) 2024-03-19 12:02:42 Image size of job updated: 9291684
	1  -  MemoryUsage of job (MB)
	800  -  ResidentSetSize of job (KB)
...
040 (2273357.000.000) 2024-03-19 12:02:43 Started transferring output files
...
040 (2273357.000.000) 2024-03-19 12:02:43 Finished transferring output files
...
005 (2273357.000.000) 2024-03-19 12:02:43 Job terminated.
	(1) Normal termination (return value 0)
		Usr 0 00:02:28, Sys 0 00:00:12  -  Run Remote Usage
		Usr 0 00:00:00, Sys 0 00:00:00  -  Run Local Usage
		Usr 0 00:02:28, Sys 0 00:00:12  -  Total Remote Usage
		Usr 0 00:00:00, Sys 0 00:00:00  -  Total Local Usage
	509666  -  Run Bytes Sent By Job
	12213  -  Run Bytes Received By Job
	509666  -  Total Bytes Sent By Job
	12213  -  Total Bytes Received By Job
	Partitionable Resources :     Usage  Request Allocated 
	   Cpus                 :      5.23        8         8 
	   Disk (KB)            : 672075          15    376531 
	   Memory (MB)          :      1        7000      7040 

	Job terminated of its own accord at 2024-03-19T03:02:42Z with exit-code 0.
...
