000 (2273360.000.000) 2024-03-19 11:34:40 Job submitted from host: <134.75.124.127:9618?addrs=134.75.124.127-9618&alias=ui20.sdfarm.kr&noUDP&sock=schedd_5058_f21d>
...
040 (2273360.000.000) 2024-03-19 12:02:35 Started transferring input files
	Transferring to host: <134.75.127.112:9618?addrs=134.75.127.112-9618&alias=condor-wn1008.sdfarm.kr&noUDP&sock=slot1_9_3680_a48f_193997>
...
040 (2273360.000.000) 2024-03-19 12:02:36 Finished transferring input files
...
001 (2273360.000.000) 2024-03-19 12:02:36 Job executing on host: <134.75.127.112:9618?addrs=134.75.127.112-9618&alias=condor-wn1008.sdfarm.kr&noUDP&sock=startd_3615_2af4>
...
006 (2273360.000.000) 2024-03-19 12:02:46 Image size of job updated: 23076
	23  -  MemoryUsage of job (MB)
	23076  -  ResidentSetSize of job (KB)
...
006 (2273360.000.000) 2024-03-19 12:03:54 Image size of job updated: 9189632
	23  -  MemoryUsage of job (MB)
	23076  -  ResidentSetSize of job (KB)
...
040 (2273360.000.000) 2024-03-19 12:03:54 Started transferring output files
...
040 (2273360.000.000) 2024-03-19 12:03:54 Finished transferring output files
...
005 (2273360.000.000) 2024-03-19 12:03:54 Job terminated.
	(1) Normal termination (return value 0)
		Usr 0 00:01:33, Sys 0 00:00:13  -  Run Remote Usage
		Usr 0 00:00:00, Sys 0 00:00:00  -  Run Local Usage
		Usr 0 00:01:33, Sys 0 00:00:13  -  Total Remote Usage
		Usr 0 00:00:00, Sys 0 00:00:00  -  Total Local Usage
	509584  -  Run Bytes Sent By Job
	12213  -  Run Bytes Received By Job
	509584  -  Total Bytes Sent By Job
	12213  -  Total Bytes Received By Job
	Partitionable Resources :     Usage  Request Allocated 
	   Cpus                 :      0.89        8         8 
	   Disk (KB)            : 672075          15    373359 
	   Memory (MB)          :     23        7000      7040 

	Job terminated of its own accord at 2024-03-19T03:03:54Z with exit-code 0.
...
