000 (2273316.000.000) 2024-03-19 11:34:35 Job submitted from host: <134.75.124.127:9618?addrs=134.75.124.127-9618&alias=ui20.sdfarm.kr&noUDP&sock=schedd_5058_f21d>
...
040 (2273316.000.000) 2024-03-19 11:49:09 Started transferring input files
	Transferring to host: <134.75.127.207:9618?addrs=134.75.127.207-9618&alias=cms-t3-wn3018.sdfarm.kr&noUDP&sock=slot1_19_8953_f2c5_4921>
...
040 (2273316.000.000) 2024-03-19 11:49:09 Finished transferring input files
...
001 (2273316.000.000) 2024-03-19 11:49:10 Job executing on host: <134.75.127.207:9618?addrs=134.75.127.207-9618&alias=cms-t3-wn3018.sdfarm.kr&noUDP&sock=startd_8724_844f>
...
006 (2273316.000.000) 2024-03-19 11:49:19 Image size of job updated: 64276
	1  -  MemoryUsage of job (MB)
	808  -  ResidentSetSize of job (KB)
...
006 (2273316.000.000) 2024-03-19 11:50:56 Image size of job updated: 9336132
	1  -  MemoryUsage of job (MB)
	808  -  ResidentSetSize of job (KB)
...
040 (2273316.000.000) 2024-03-19 11:50:56 Started transferring output files
...
040 (2273316.000.000) 2024-03-19 11:50:56 Finished transferring output files
...
005 (2273316.000.000) 2024-03-19 11:50:56 Job terminated.
	(1) Normal termination (return value 0)
		Usr 0 00:02:27, Sys 0 00:00:12  -  Run Remote Usage
		Usr 0 00:00:00, Sys 0 00:00:00  -  Run Local Usage
		Usr 0 00:02:27, Sys 0 00:00:12  -  Total Remote Usage
		Usr 0 00:00:00, Sys 0 00:00:00  -  Total Local Usage
	509680  -  Run Bytes Sent By Job
	12213  -  Run Bytes Received By Job
	509680  -  Total Bytes Sent By Job
	12213  -  Total Bytes Received By Job
	Partitionable Resources :     Usage  Request Allocated 
	   Cpus                 :      0.89        8         8 
	   Disk (KB)            : 773530          15    376531 
	   Memory (MB)          :      1        7000      7040 

	Job terminated of its own accord at 2024-03-19T02:50:56Z with exit-code 0.
...
