000 (2273394.000.000) 2024-03-19 11:34:44 Job submitted from host: <134.75.124.127:9618?addrs=134.75.124.127-9618&alias=ui20.sdfarm.kr&noUDP&sock=schedd_5058_f21d>
...
040 (2273394.000.000) 2024-03-19 12:11:53 Started transferring input files
	Transferring to host: <134.75.127.116:9618?addrs=134.75.127.116-9618&alias=condor-wn1012.sdfarm.kr&noUDP&sock=slot1_38_56623_c698_204090>
...
040 (2273394.000.000) 2024-03-19 12:11:54 Finished transferring input files
...
001 (2273394.000.000) 2024-03-19 12:11:54 Job executing on host: <134.75.127.116:9618?addrs=134.75.127.116-9618&alias=condor-wn1012.sdfarm.kr&noUDP&sock=startd_3635_e2d9>
...
006 (2273394.000.000) 2024-03-19 12:12:03 Image size of job updated: 22564
	23  -  MemoryUsage of job (MB)
	22564  -  ResidentSetSize of job (KB)
...
006 (2273394.000.000) 2024-03-19 12:13:12 Image size of job updated: 9378148
	23  -  MemoryUsage of job (MB)
	23540  -  ResidentSetSize of job (KB)
...
040 (2273394.000.000) 2024-03-19 12:13:12 Started transferring output files
...
040 (2273394.000.000) 2024-03-19 12:13:12 Finished transferring output files
...
005 (2273394.000.000) 2024-03-19 12:13:12 Job terminated.
	(1) Normal termination (return value 0)
		Usr 0 00:02:15, Sys 0 00:00:14  -  Run Remote Usage
		Usr 0 00:00:00, Sys 0 00:00:00  -  Run Local Usage
		Usr 0 00:02:15, Sys 0 00:00:14  -  Total Remote Usage
		Usr 0 00:00:00, Sys 0 00:00:00  -  Total Local Usage
	509679  -  Run Bytes Sent By Job
	12213  -  Run Bytes Received By Job
	509679  -  Total Bytes Sent By Job
	12213  -  Total Bytes Received By Job
	Partitionable Resources :     Usage  Request Allocated 
	   Cpus                 :      0.90        8         8 
	   Disk (KB)            : 672075          15    376706 
	   Memory (MB)          :     23        7000      7040 

	Job terminated of its own accord at 2024-03-19T03:13:12Z with exit-code 0.
...
