000 (2273367.000.000) 2024-03-19 11:34:41 Job submitted from host: <134.75.124.127:9618?addrs=134.75.124.127-9618&alias=ui20.sdfarm.kr&noUDP&sock=schedd_5058_f21d>
...
040 (2273367.000.000) 2024-03-19 12:03:59 Started transferring input files
	Transferring to host: <134.75.127.203:9618?addrs=134.75.127.203-9618&alias=cms-t3-wn3014.sdfarm.kr&noUDP&sock=slot1_47_68060_2d49_182830>
...
040 (2273367.000.000) 2024-03-19 12:03:59 Finished transferring input files
...
001 (2273367.000.000) 2024-03-19 12:04:00 Job executing on host: <134.75.127.203:9618?addrs=134.75.127.203-9618&alias=cms-t3-wn3014.sdfarm.kr&noUDP&sock=startd_3629_c547>
...
006 (2273367.000.000) 2024-03-19 12:04:09 Image size of job updated: 692276
	1  -  MemoryUsage of job (MB)
	800  -  ResidentSetSize of job (KB)
...
006 (2273367.000.000) 2024-03-19 12:05:20 Image size of job updated: 9250416
	1  -  MemoryUsage of job (MB)
	800  -  ResidentSetSize of job (KB)
...
040 (2273367.000.000) 2024-03-19 12:05:20 Started transferring output files
...
040 (2273367.000.000) 2024-03-19 12:05:20 Finished transferring output files
...
005 (2273367.000.000) 2024-03-19 12:05:20 Job terminated.
	(1) Normal termination (return value 0)
		Usr 0 00:01:54, Sys 0 00:00:11  -  Run Remote Usage
		Usr 0 00:00:00, Sys 0 00:00:00  -  Run Local Usage
		Usr 0 00:01:54, Sys 0 00:00:11  -  Total Remote Usage
		Usr 0 00:00:00, Sys 0 00:00:00  -  Total Local Usage
	509666  -  Run Bytes Sent By Job
	12213  -  Run Bytes Received By Job
	509666  -  Total Bytes Sent By Job
	12213  -  Total Bytes Received By Job
	Partitionable Resources :     Usage  Request Allocated 
	   Cpus                 :      2.91        8         8 
	   Disk (KB)            : 777413          15    376659 
	   Memory (MB)          :      1        7000      7040 

	Job terminated of its own accord at 2024-03-19T03:05:20Z with exit-code 0.
...
