000 (2273340.000.000) 2024-03-19 11:34:37 Job submitted from host: <134.75.124.127:9618?addrs=134.75.124.127-9618&alias=ui20.sdfarm.kr&noUDP&sock=schedd_5058_f21d>
...
040 (2273340.000.000) 2024-03-19 11:57:38 Started transferring input files
	Transferring to host: <134.75.127.173:9618?addrs=134.75.127.173-9618&alias=bio-wn3005.sdfarm.kr&noUDP&sock=slot1_49_8764_c7dd_4892>
...
040 (2273340.000.000) 2024-03-19 11:57:38 Finished transferring input files
...
001 (2273340.000.000) 2024-03-19 11:57:39 Job executing on host: <134.75.127.173:9618?addrs=134.75.127.173-9618&alias=bio-wn3005.sdfarm.kr&noUDP&sock=startd_8617_1fad>
...
006 (2273340.000.000) 2024-03-19 11:57:47 Image size of job updated: 800
	1  -  MemoryUsage of job (MB)
	792  -  ResidentSetSize of job (KB)
...
006 (2273340.000.000) 2024-03-19 11:59:17 Image size of job updated: 9180436
	1  -  MemoryUsage of job (MB)
	792  -  ResidentSetSize of job (KB)
...
040 (2273340.000.000) 2024-03-19 11:59:17 Started transferring output files
...
040 (2273340.000.000) 2024-03-19 11:59:17 Finished transferring output files
...
005 (2273340.000.000) 2024-03-19 11:59:17 Job terminated.
	(1) Normal termination (return value 0)
		Usr 0 00:02:42, Sys 0 00:00:15  -  Run Remote Usage
		Usr 0 00:00:00, Sys 0 00:00:00  -  Run Local Usage
		Usr 0 00:02:42, Sys 0 00:00:15  -  Total Remote Usage
		Usr 0 00:00:00, Sys 0 00:00:00  -  Total Local Usage
	509709  -  Run Bytes Sent By Job
	12213  -  Run Bytes Received By Job
	509709  -  Total Bytes Sent By Job
	12213  -  Total Bytes Received By Job
	Partitionable Resources :     Usage  Request Allocated 
	   Cpus                 :      3.92        8         8 
	   Disk (KB)            : 672075          15    376572 
	   Memory (MB)          :      1        7000      7040 

	Job terminated of its own accord at 2024-03-19T02:59:17Z with exit-code 0.
...
