000 (2273312.000.000) 2024-03-19 11:34:34 Job submitted from host: <134.75.124.127:9618?addrs=134.75.124.127-9618&alias=ui20.sdfarm.kr&noUDP&sock=schedd_5058_f21d>
...
040 (2273312.000.000) 2024-03-19 11:46:18 Started transferring input files
	Transferring to host: <134.75.127.207:9618?addrs=134.75.127.207-9618&alias=cms-t3-wn3018.sdfarm.kr&noUDP&sock=slot1_19_8953_f2c5_4920>
...
040 (2273312.000.000) 2024-03-19 11:46:18 Finished transferring input files
...
001 (2273312.000.000) 2024-03-19 11:46:19 Job executing on host: <134.75.127.207:9618?addrs=134.75.127.207-9618&alias=cms-t3-wn3018.sdfarm.kr&noUDP&sock=startd_8724_844f>
...
006 (2273312.000.000) 2024-03-19 11:46:28 Image size of job updated: 63376
	1  -  MemoryUsage of job (MB)
	804  -  ResidentSetSize of job (KB)
...
006 (2273312.000.000) 2024-03-19 11:48:32 Image size of job updated: 9410776
	1  -  MemoryUsage of job (MB)
	804  -  ResidentSetSize of job (KB)
...
040 (2273312.000.000) 2024-03-19 11:48:32 Started transferring output files
...
040 (2273312.000.000) 2024-03-19 11:48:32 Finished transferring output files
...
005 (2273312.000.000) 2024-03-19 11:48:33 Job terminated.
	(1) Normal termination (return value 0)
		Usr 0 00:02:28, Sys 0 00:00:12  -  Run Remote Usage
		Usr 0 00:00:00, Sys 0 00:00:00  -  Run Local Usage
		Usr 0 00:02:28, Sys 0 00:00:12  -  Total Remote Usage
		Usr 0 00:00:00, Sys 0 00:00:00  -  Total Local Usage
	509665  -  Run Bytes Sent By Job
	12213  -  Run Bytes Received By Job
	509665  -  Total Bytes Sent By Job
	12213  -  Total Bytes Received By Job
	Partitionable Resources :     Usage  Request Allocated 
	   Cpus                 :      2.60        8         8 
	   Disk (KB)            : 741462          15    376531 
	   Memory (MB)          :      1        7000      7040 

	Job terminated of its own accord at 2024-03-19T02:48:32Z with exit-code 0.
...
