000 (2273301.000.000) 2024-03-19 11:34:33 Job submitted from host: <134.75.124.127:9618?addrs=134.75.124.127-9618&alias=ui20.sdfarm.kr&noUDP&sock=schedd_5058_f21d>
...
040 (2273301.000.000) 2024-03-19 11:35:53 Started transferring input files
	Transferring to host: <134.75.127.191:9618?addrs=134.75.127.191-9618&alias=cms-t3-wn3002.sdfarm.kr&noUDP&sock=slot1_17_5739_6502_87602>
...
040 (2273301.000.000) 2024-03-19 11:35:53 Finished transferring input files
...
001 (2273301.000.000) 2024-03-19 11:35:54 Job executing on host: <134.75.127.191:9618?addrs=134.75.127.191-9618&alias=cms-t3-wn3002.sdfarm.kr&noUDP&sock=startd_5644_e49d>
...
006 (2273301.000.000) 2024-03-19 11:36:02 Image size of job updated: 70128
	1  -  MemoryUsage of job (MB)
	800  -  ResidentSetSize of job (KB)
...
006 (2273301.000.000) 2024-03-19 11:41:02 Image size of job updated: 8536848
	1554  -  MemoryUsage of job (MB)
	1591216  -  ResidentSetSize of job (KB)
...
006 (2273301.000.000) 2024-03-19 11:41:46 Image size of job updated: 9286096
	1566  -  MemoryUsage of job (MB)
	1603224  -  ResidentSetSize of job (KB)
...
040 (2273301.000.000) 2024-03-19 11:41:46 Started transferring output files
...
040 (2273301.000.000) 2024-03-19 11:41:46 Finished transferring output files
...
005 (2273301.000.000) 2024-03-19 11:41:46 Job terminated.
	(1) Normal termination (return value 0)
		Usr 0 00:02:24, Sys 0 00:00:13  -  Run Remote Usage
		Usr 0 00:00:00, Sys 0 00:00:00  -  Run Local Usage
		Usr 0 00:02:24, Sys 0 00:00:13  -  Total Remote Usage
		Usr 0 00:00:00, Sys 0 00:00:00  -  Total Local Usage
	509628  -  Run Bytes Sent By Job
	12213  -  Run Bytes Received By Job
	509628  -  Total Bytes Sent By Job
	12213  -  Total Bytes Received By Job
	Partitionable Resources :     Usage  Request Allocated 
	   Cpus                 :      0.57        8         8 
	   Disk (KB)            : 672075          15    161862 
	   Memory (MB)          :   1566        7000      7040 

	Job terminated of its own accord at 2024-03-19T02:41:46Z with exit-code 0.
...
