000 (2273366.000.000) 2024-03-19 11:34:41 Job submitted from host: <134.75.124.127:9618?addrs=134.75.124.127-9618&alias=ui20.sdfarm.kr&noUDP&sock=schedd_5058_f21d>
...
040 (2273366.000.000) 2024-03-19 12:03:59 Started transferring input files
	Transferring to host: <134.75.127.196:9618?addrs=134.75.127.196-9618&alias=cms-t3-wn3007.sdfarm.kr&noUDP&sock=slot1_7_4958_1c03_3903>
...
040 (2273366.000.000) 2024-03-19 12:03:59 Finished transferring input files
...
001 (2273366.000.000) 2024-03-19 12:04:00 Job executing on host: <134.75.127.196:9618?addrs=134.75.127.196-9618&alias=cms-t3-wn3007.sdfarm.kr&noUDP&sock=startd_4862_818d>
...
006 (2273366.000.000) 2024-03-19 12:04:09 Image size of job updated: 37820
	1  -  MemoryUsage of job (MB)
	476  -  ResidentSetSize of job (KB)
...
006 (2273366.000.000) 2024-03-19 12:05:44 Image size of job updated: 9208960
	2  -  MemoryUsage of job (MB)
	1708  -  ResidentSetSize of job (KB)
...
040 (2273366.000.000) 2024-03-19 12:05:45 Started transferring output files
...
040 (2273366.000.000) 2024-03-19 12:05:45 Finished transferring output files
...
005 (2273366.000.000) 2024-03-19 12:05:45 Job terminated.
	(1) Normal termination (return value 0)
		Usr 0 00:02:13, Sys 0 00:00:11  -  Run Remote Usage
		Usr 0 00:00:00, Sys 0 00:00:00  -  Run Local Usage
		Usr 0 00:02:13, Sys 0 00:00:11  -  Total Remote Usage
		Usr 0 00:00:00, Sys 0 00:00:00  -  Total Local Usage
	509648  -  Run Bytes Sent By Job
	12213  -  Run Bytes Received By Job
	509648  -  Total Bytes Sent By Job
	12213  -  Total Bytes Received By Job
	Partitionable Resources :     Usage  Request Allocated 
	   Cpus                 :      1.66        8         8 
	   Disk (KB)            : 916417          15    376506 
	   Memory (MB)          :      2        7000      7040 

	Job terminated of its own accord at 2024-03-19T03:05:44Z with exit-code 0.
...
