000 (2273358.000.000) 2024-03-19 11:34:40 Job submitted from host: <134.75.124.127:9618?addrs=134.75.124.127-9618&alias=ui20.sdfarm.kr&noUDP&sock=schedd_5058_f21d>
...
040 (2273358.000.000) 2024-03-19 12:01:41 Started transferring input files
	Transferring to host: <134.75.125.49:9618?addrs=134.75.125.49-9618&alias=kiaf-wn1006.sdfarm.kr&noUDP&sock=slot1_46_3482_2247_146936>
...
040 (2273358.000.000) 2024-03-19 12:01:41 Finished transferring input files
...
001 (2273358.000.000) 2024-03-19 12:01:42 Job executing on host: <134.75.125.49:9618?addrs=134.75.125.49-9618&alias=kiaf-wn1006.sdfarm.kr&noUDP&sock=startd_3420_69fc>
...
006 (2273358.000.000) 2024-03-19 12:01:50 Image size of job updated: 692352
	14  -  MemoryUsage of job (MB)
	14172  -  ResidentSetSize of job (KB)
...
006 (2273358.000.000) 2024-03-19 12:02:36 Image size of job updated: 9288428
	22  -  MemoryUsage of job (MB)
	22460  -  ResidentSetSize of job (KB)
...
040 (2273358.000.000) 2024-03-19 12:02:36 Started transferring output files
...
040 (2273358.000.000) 2024-03-19 12:02:36 Finished transferring output files
...
005 (2273358.000.000) 2024-03-19 12:02:36 Job terminated.
	(1) Normal termination (return value 0)
		Usr 0 00:02:45, Sys 0 00:00:14  -  Run Remote Usage
		Usr 0 00:00:00, Sys 0 00:00:00  -  Run Local Usage
		Usr 0 00:02:45, Sys 0 00:00:14  -  Total Remote Usage
		Usr 0 00:00:00, Sys 0 00:00:00  -  Total Local Usage
	509688  -  Run Bytes Sent By Job
	12213  -  Run Bytes Received By Job
	509688  -  Total Bytes Sent By Job
	12213  -  Total Bytes Received By Job
	Partitionable Resources :     Usage  Request Allocated 
	   Cpus                 :      5.01        8         8 
	   Disk (KB)            : 672075          15    365511 
	   Memory (MB)          :     22        7000      7040 

	Job terminated of its own accord at 2024-03-19T03:02:36Z with exit-code 0.
...
