000 (2273397.000.000) 2024-03-19 11:34:44 Job submitted from host: <134.75.124.127:9618?addrs=134.75.124.127-9618&alias=ui20.sdfarm.kr&noUDP&sock=schedd_5058_f21d>
...
040 (2273397.000.000) 2024-03-19 12:12:47 Started transferring input files
	Transferring to host: <134.75.127.108:9618?addrs=134.75.127.108-9618&alias=condor-wn1004.sdfarm.kr&noUDP&sock=slot1_11_4808_6bbd_6368>
...
040 (2273397.000.000) 2024-03-19 12:12:47 Finished transferring input files
...
001 (2273397.000.000) 2024-03-19 12:12:48 Job executing on host: <134.75.127.108:9618?addrs=134.75.127.108-9618&alias=condor-wn1004.sdfarm.kr&noUDP&sock=startd_4711_eec0>
...
006 (2273397.000.000) 2024-03-19 12:12:57 Image size of job updated: 626804
	1  -  MemoryUsage of job (MB)
	660  -  ResidentSetSize of job (KB)
...
006 (2273397.000.000) 2024-03-19 12:13:42 Image size of job updated: 9342084
	1  -  MemoryUsage of job (MB)
	660  -  ResidentSetSize of job (KB)
...
040 (2273397.000.000) 2024-03-19 12:13:42 Started transferring output files
...
040 (2273397.000.000) 2024-03-19 12:13:42 Finished transferring output files
...
005 (2273397.000.000) 2024-03-19 12:13:42 Job terminated.
	(1) Normal termination (return value 0)
		Usr 0 00:02:15, Sys 0 00:00:14  -  Run Remote Usage
		Usr 0 00:00:00, Sys 0 00:00:00  -  Run Local Usage
		Usr 0 00:02:15, Sys 0 00:00:14  -  Total Remote Usage
		Usr 0 00:00:00, Sys 0 00:00:00  -  Total Local Usage
	509629  -  Run Bytes Sent By Job
	12213  -  Run Bytes Received By Job
	509629  -  Total Bytes Sent By Job
	12213  -  Total Bytes Received By Job
	Partitionable Resources :     Usage  Request Allocated 
	   Cpus                 :      5.49        8         8 
	   Disk (KB)            : 672075          15    376477 
	   Memory (MB)          :      1        7000      7040 

	Job terminated of its own accord at 2024-03-19T03:13:42Z with exit-code 0.
...
