000 (2273347.000.000) 2024-03-19 11:34:38 Job submitted from host: <134.75.124.127:9618?addrs=134.75.124.127-9618&alias=ui20.sdfarm.kr&noUDP&sock=schedd_5058_f21d>
...
040 (2273347.000.000) 2024-03-19 11:59:14 Started transferring input files
	Transferring to host: <134.75.127.203:9618?addrs=134.75.127.203-9618&alias=cms-t3-wn3014.sdfarm.kr&noUDP&sock=slot1_34_68060_2d49_182827>
...
040 (2273347.000.000) 2024-03-19 11:59:14 Finished transferring input files
...
001 (2273347.000.000) 2024-03-19 11:59:15 Job executing on host: <134.75.127.203:9618?addrs=134.75.127.203-9618&alias=cms-t3-wn3014.sdfarm.kr&noUDP&sock=startd_3629_c547>
...
006 (2273347.000.000) 2024-03-19 11:59:23 Image size of job updated: 677408
	1  -  MemoryUsage of job (MB)
	800  -  ResidentSetSize of job (KB)
...
006 (2273347.000.000) 2024-03-19 12:00:17 Image size of job updated: 9345652
	1  -  MemoryUsage of job (MB)
	800  -  ResidentSetSize of job (KB)
...
040 (2273347.000.000) 2024-03-19 12:00:17 Started transferring output files
...
040 (2273347.000.000) 2024-03-19 12:00:17 Finished transferring output files
...
005 (2273347.000.000) 2024-03-19 12:00:18 Job terminated.
	(1) Normal termination (return value 0)
		Usr 0 00:02:42, Sys 0 00:00:12  -  Run Remote Usage
		Usr 0 00:00:00, Sys 0 00:00:00  -  Run Local Usage
		Usr 0 00:02:42, Sys 0 00:00:12  -  Total Remote Usage
		Usr 0 00:00:00, Sys 0 00:00:00  -  Total Local Usage
	509676  -  Run Bytes Sent By Job
	12213  -  Run Bytes Received By Job
	509676  -  Total Bytes Sent By Job
	12213  -  Total Bytes Received By Job
	Partitionable Resources :     Usage  Request Allocated 
	   Cpus                 :      4.52        8         8 
	   Disk (KB)            : 672075          15    376659 
	   Memory (MB)          :      1        7000      7040 

	Job terminated of its own accord at 2024-03-19T03:00:17Z with exit-code 0.
...
