000 (2273325.000.000) 2024-03-19 11:34:36 Job submitted from host: <134.75.124.127:9618?addrs=134.75.124.127-9618&alias=ui20.sdfarm.kr&noUDP&sock=schedd_5058_f21d>
...
040 (2273325.000.000) 2024-03-19 11:52:23 Started transferring input files
	Transferring to host: <134.75.125.49:9618?addrs=134.75.125.49-9618&alias=kiaf-wn1006.sdfarm.kr&noUDP&sock=slot1_46_3482_2247_146929>
...
040 (2273325.000.000) 2024-03-19 11:52:23 Finished transferring input files
...
001 (2273325.000.000) 2024-03-19 11:52:24 Job executing on host: <134.75.125.49:9618?addrs=134.75.125.49-9618&alias=kiaf-wn1006.sdfarm.kr&noUDP&sock=startd_3420_69fc>
...
006 (2273325.000.000) 2024-03-19 11:52:32 Image size of job updated: 9156
	9  -  MemoryUsage of job (MB)
	9156  -  ResidentSetSize of job (KB)
...
006 (2273325.000.000) 2024-03-19 11:53:21 Image size of job updated: 9126760
	9  -  MemoryUsage of job (MB)
	9156  -  ResidentSetSize of job (KB)
...
040 (2273325.000.000) 2024-03-19 11:53:21 Started transferring output files
...
040 (2273325.000.000) 2024-03-19 11:53:21 Finished transferring output files
...
005 (2273325.000.000) 2024-03-19 11:53:21 Job terminated.
	(1) Normal termination (return value 0)
		Usr 0 00:02:40, Sys 0 00:00:14  -  Run Remote Usage
		Usr 0 00:00:00, Sys 0 00:00:00  -  Run Local Usage
		Usr 0 00:02:40, Sys 0 00:00:14  -  Total Remote Usage
		Usr 0 00:00:00, Sys 0 00:00:00  -  Total Local Usage
	509704  -  Run Bytes Sent By Job
	12213  -  Run Bytes Received By Job
	509704  -  Total Bytes Sent By Job
	12213  -  Total Bytes Received By Job
	Partitionable Resources :     Usage  Request Allocated 
	   Cpus                 :      4.68        8         8 
	   Disk (KB)            : 672075          15    365511 
	   Memory (MB)          :      9        7000      7040 

	Job terminated of its own accord at 2024-03-19T02:53:21Z with exit-code 0.
...
