000 (2273313.000.000) 2024-03-19 11:34:34 Job submitted from host: <134.75.124.127:9618?addrs=134.75.124.127-9618&alias=ui20.sdfarm.kr&noUDP&sock=schedd_5058_f21d>
...
040 (2273313.000.000) 2024-03-19 11:46:18 Started transferring input files
	Transferring to host: <134.75.127.113:9618?addrs=134.75.127.113-9618&alias=condor-wn1009.sdfarm.kr&noUDP&sock=slot1_27_81689_0a53_2467>
...
040 (2273313.000.000) 2024-03-19 11:46:18 Finished transferring input files
...
001 (2273313.000.000) 2024-03-19 11:46:19 Job executing on host: <134.75.127.113:9618?addrs=134.75.127.113-9618&alias=condor-wn1009.sdfarm.kr&noUDP&sock=startd_81630_f802>
...
006 (2273313.000.000) 2024-03-19 11:46:28 Image size of job updated: 22996
	1  -  MemoryUsage of job (MB)
	700  -  ResidentSetSize of job (KB)
...
006 (2273313.000.000) 2024-03-19 11:48:04 Image size of job updated: 9077716
	1  -  MemoryUsage of job (MB)
	720  -  ResidentSetSize of job (KB)
...
040 (2273313.000.000) 2024-03-19 11:48:04 Started transferring output files
...
040 (2273313.000.000) 2024-03-19 11:48:04 Finished transferring output files
...
005 (2273313.000.000) 2024-03-19 11:48:04 Job terminated.
	(1) Normal termination (return value 0)
		Usr 0 00:02:18, Sys 0 00:00:15  -  Run Remote Usage
		Usr 0 00:00:00, Sys 0 00:00:00  -  Run Local Usage
		Usr 0 00:02:18, Sys 0 00:00:15  -  Total Remote Usage
		Usr 0 00:00:00, Sys 0 00:00:00  -  Total Local Usage
	509700  -  Run Bytes Sent By Job
	12213  -  Run Bytes Received By Job
	509700  -  Total Bytes Sent By Job
	12213  -  Total Bytes Received By Job
	Partitionable Resources :     Usage  Request Allocated 
	   Cpus                 :      6.44        8         8 
	   Disk (KB)            : 672075          15    376551 
	   Memory (MB)          :      1        7000      7040 

	Job terminated of its own accord at 2024-03-19T02:48:04Z with exit-code 0.
...
