000 (2273322.000.000) 2024-03-19 11:34:35 Job submitted from host: <134.75.124.127:9618?addrs=134.75.124.127-9618&alias=ui20.sdfarm.kr&noUDP&sock=schedd_5058_f21d>
...
040 (2273322.000.000) 2024-03-19 11:51:30 Started transferring input files
	Transferring to host: <134.75.127.194:9618?addrs=134.75.127.194-9618&alias=cms-t3-wn3005.sdfarm.kr&noUDP&sock=slot1_49_12543_6d97_181647>
...
040 (2273322.000.000) 2024-03-19 11:51:30 Finished transferring input files
...
001 (2273322.000.000) 2024-03-19 11:51:31 Job executing on host: <134.75.127.194:9618?addrs=134.75.127.194-9618&alias=cms-t3-wn3005.sdfarm.kr&noUDP&sock=startd_3625_06e6>
...
006 (2273322.000.000) 2024-03-19 11:51:40 Image size of job updated: 64276
	1  -  MemoryUsage of job (MB)
	796  -  ResidentSetSize of job (KB)
...
006 (2273322.000.000) 2024-03-19 11:52:54 Image size of job updated: 9275748
	1  -  MemoryUsage of job (MB)
	796  -  ResidentSetSize of job (KB)
...
040 (2273322.000.000) 2024-03-19 11:52:55 Started transferring output files
...
040 (2273322.000.000) 2024-03-19 11:52:55 Finished transferring output files
...
005 (2273322.000.000) 2024-03-19 11:52:55 Job terminated.
	(1) Normal termination (return value 0)
		Usr 0 00:01:59, Sys 0 00:00:13  -  Run Remote Usage
		Usr 0 00:00:00, Sys 0 00:00:00  -  Run Local Usage
		Usr 0 00:01:59, Sys 0 00:00:13  -  Total Remote Usage
		Usr 0 00:00:00, Sys 0 00:00:00  -  Total Local Usage
	509645  -  Run Bytes Sent By Job
	12213  -  Run Bytes Received By Job
	509645  -  Total Bytes Sent By Job
	12213  -  Total Bytes Received By Job
	Partitionable Resources :     Usage  Request Allocated 
	   Cpus                 :      1.00        8         8 
	   Disk (KB)            : 734467          15    376659 
	   Memory (MB)          :      1        7000      7040 

	Job terminated of its own accord at 2024-03-19T02:52:54Z with exit-code 0.
...
