000 (2273398.000.000) 2024-03-19 11:34:44 Job submitted from host: <134.75.124.127:9618?addrs=134.75.124.127-9618&alias=ui20.sdfarm.kr&noUDP&sock=schedd_5058_f21d>
...
040 (2273398.000.000) 2024-03-19 12:12:47 Started transferring input files
	Transferring to host: <134.75.127.211:9618?addrs=134.75.127.211-9618&alias=cms-t3-wn3022.sdfarm.kr&noUDP&sock=slot1_55_4975_1663_4773>
...
040 (2273398.000.000) 2024-03-19 12:12:47 Finished transferring input files
...
001 (2273398.000.000) 2024-03-19 12:12:48 Job executing on host: <134.75.127.211:9618?addrs=134.75.127.211-9618&alias=cms-t3-wn3022.sdfarm.kr&noUDP&sock=startd_4839_bae0>
...
006 (2273398.000.000) 2024-03-19 12:12:57 Image size of job updated: 808
	1  -  MemoryUsage of job (MB)
	800  -  ResidentSetSize of job (KB)
...
006 (2273398.000.000) 2024-03-19 12:14:26 Image size of job updated: 9362976
	1  -  MemoryUsage of job (MB)
	800  -  ResidentSetSize of job (KB)
...
040 (2273398.000.000) 2024-03-19 12:14:27 Started transferring output files
...
040 (2273398.000.000) 2024-03-19 12:14:27 Finished transferring output files
...
005 (2273398.000.000) 2024-03-19 12:14:27 Job terminated.
	(1) Normal termination (return value 0)
		Usr 0 00:02:29, Sys 0 00:00:12  -  Run Remote Usage
		Usr 0 00:00:00, Sys 0 00:00:00  -  Run Local Usage
		Usr 0 00:02:29, Sys 0 00:00:12  -  Total Remote Usage
		Usr 0 00:00:00, Sys 0 00:00:00  -  Total Local Usage
	509678  -  Run Bytes Sent By Job
	12213  -  Run Bytes Received By Job
	509678  -  Total Bytes Sent By Job
	12213  -  Total Bytes Received By Job
	Partitionable Resources :     Usage  Request Allocated 
	   Cpus                 :      2.53        8         8 
	   Disk (KB)            : 672075          15    376528 
	   Memory (MB)          :      1        7000      7040 

	Job terminated of its own accord at 2024-03-19T03:14:26Z with exit-code 0.
...
