000 (2273329.000.000) 2024-03-19 11:34:36 Job submitted from host: <134.75.124.127:9618?addrs=134.75.124.127-9618&alias=ui20.sdfarm.kr&noUDP&sock=schedd_5058_f21d>
...
040 (2273329.000.000) 2024-03-19 11:53:44 Started transferring input files
	Transferring to host: <134.75.127.207:9618?addrs=134.75.127.207-9618&alias=cms-t3-wn3018.sdfarm.kr&noUDP&sock=slot1_19_8953_f2c5_4924>
...
040 (2273329.000.000) 2024-03-19 11:53:44 Finished transferring input files
...
001 (2273329.000.000) 2024-03-19 11:53:45 Job executing on host: <134.75.127.207:9618?addrs=134.75.127.207-9618&alias=cms-t3-wn3018.sdfarm.kr&noUDP&sock=startd_8724_844f>
...
006 (2273329.000.000) 2024-03-19 11:53:55 Image size of job updated: 64276
	1  -  MemoryUsage of job (MB)
	804  -  ResidentSetSize of job (KB)
...
006 (2273329.000.000) 2024-03-19 11:55:38 Image size of job updated: 9408244
	1  -  MemoryUsage of job (MB)
	804  -  ResidentSetSize of job (KB)
...
040 (2273329.000.000) 2024-03-19 11:55:38 Started transferring output files
...
040 (2273329.000.000) 2024-03-19 11:55:38 Finished transferring output files
...
005 (2273329.000.000) 2024-03-19 11:55:38 Job terminated.
	(1) Normal termination (return value 0)
		Usr 0 00:02:23, Sys 0 00:00:13  -  Run Remote Usage
		Usr 0 00:00:00, Sys 0 00:00:00  -  Run Local Usage
		Usr 0 00:02:23, Sys 0 00:00:13  -  Total Remote Usage
		Usr 0 00:00:00, Sys 0 00:00:00  -  Total Local Usage
	509728  -  Run Bytes Sent By Job
	12213  -  Run Bytes Received By Job
	509728  -  Total Bytes Sent By Job
	12213  -  Total Bytes Received By Job
	Partitionable Resources :     Usage  Request Allocated 
	   Cpus                 :      2.00        8         8 
	   Disk (KB)            : 880607          15    376531 
	   Memory (MB)          :      1        7000      7040 

	Job terminated of its own accord at 2024-03-19T02:55:38Z with exit-code 0.
...
