000 (2273396.000.000) 2024-03-19 11:34:44 Job submitted from host: <134.75.124.127:9618?addrs=134.75.124.127-9618&alias=ui20.sdfarm.kr&noUDP&sock=schedd_5058_f21d>
...
040 (2273396.000.000) 2024-03-19 12:12:47 Started transferring input files
	Transferring to host: <134.75.127.209:9618?addrs=134.75.127.209-9618&alias=cms-t3-wn3020.sdfarm.kr&noUDP&sock=slot1_15_21384_b65f_181858>
...
040 (2273396.000.000) 2024-03-19 12:12:47 Finished transferring input files
...
001 (2273396.000.000) 2024-03-19 12:12:48 Job executing on host: <134.75.127.209:9618?addrs=134.75.127.209-9618&alias=cms-t3-wn3020.sdfarm.kr&noUDP&sock=startd_3625_06e6>
...
006 (2273396.000.000) 2024-03-19 12:12:56 Image size of job updated: 64276
	1  -  MemoryUsage of job (MB)
	808  -  ResidentSetSize of job (KB)
...
006 (2273396.000.000) 2024-03-19 12:14:33 Image size of job updated: 9360620
	1  -  MemoryUsage of job (MB)
	808  -  ResidentSetSize of job (KB)
...
040 (2273396.000.000) 2024-03-19 12:14:33 Started transferring output files
...
040 (2273396.000.000) 2024-03-19 12:14:33 Finished transferring output files
...
005 (2273396.000.000) 2024-03-19 12:14:34 Job terminated.
	(1) Normal termination (return value 0)
		Usr 0 00:02:32, Sys 0 00:00:12  -  Run Remote Usage
		Usr 0 00:00:00, Sys 0 00:00:00  -  Run Local Usage
		Usr 0 00:02:32, Sys 0 00:00:12  -  Total Remote Usage
		Usr 0 00:00:00, Sys 0 00:00:00  -  Total Local Usage
	509664  -  Run Bytes Sent By Job
	12213  -  Run Bytes Received By Job
	509664  -  Total Bytes Sent By Job
	12213  -  Total Bytes Received By Job
	Partitionable Resources :     Usage  Request Allocated 
	   Cpus                 :      2.39        8         8 
	   Disk (KB)            : 706111          15    376659 
	   Memory (MB)          :      1        7000      7040 

	Job terminated of its own accord at 2024-03-19T03:14:33Z with exit-code 0.
...
