000 (2273368.000.000) 2024-03-19 11:34:41 Job submitted from host: <134.75.124.127:9618?addrs=134.75.124.127-9618&alias=ui20.sdfarm.kr&noUDP&sock=schedd_5058_f21d>
...
040 (2273368.000.000) 2024-03-19 12:03:59 Started transferring input files
	Transferring to host: <134.75.127.202:9618?addrs=134.75.127.202-9618&alias=cms-t3-wn3013.sdfarm.kr&noUDP&sock=slot1_36_8793_36bf_4571>
...
040 (2273368.000.000) 2024-03-19 12:03:59 Finished transferring input files
...
001 (2273368.000.000) 2024-03-19 12:04:00 Job executing on host: <134.75.127.202:9618?addrs=134.75.127.202-9618&alias=cms-t3-wn3013.sdfarm.kr&noUDP&sock=startd_8691_e1af>
...
006 (2273368.000.000) 2024-03-19 12:04:10 Image size of job updated: 70116
	1  -  MemoryUsage of job (MB)
	800  -  ResidentSetSize of job (KB)
...
006 (2273368.000.000) 2024-03-19 12:05:30 Image size of job updated: 9328368
	1  -  MemoryUsage of job (MB)
	800  -  ResidentSetSize of job (KB)
...
040 (2273368.000.000) 2024-03-19 12:05:30 Started transferring output files
...
040 (2273368.000.000) 2024-03-19 12:05:30 Finished transferring output files
...
005 (2273368.000.000) 2024-03-19 12:05:30 Job terminated.
	(1) Normal termination (return value 0)
		Usr 0 00:01:42, Sys 0 00:00:12  -  Run Remote Usage
		Usr 0 00:00:00, Sys 0 00:00:00  -  Run Local Usage
		Usr 0 00:01:42, Sys 0 00:00:12  -  Total Remote Usage
		Usr 0 00:00:00, Sys 0 00:00:00  -  Total Local Usage
	509642  -  Run Bytes Sent By Job
	12213  -  Run Bytes Received By Job
	509642  -  Total Bytes Sent By Job
	12213  -  Total Bytes Received By Job
	Partitionable Resources :     Usage  Request Allocated 
	   Cpus                 :      1.98        8         8 
	   Disk (KB)            : 672075          15    376520 
	   Memory (MB)          :      1        7000      7040 

	Job terminated of its own accord at 2024-03-19T03:05:30Z with exit-code 0.
...
