000 (2273306.000.000) 2024-03-19 11:34:33 Job submitted from host: <134.75.124.127:9618?addrs=134.75.124.127-9618&alias=ui20.sdfarm.kr&noUDP&sock=schedd_5058_f21d>
...
040 (2273306.000.000) 2024-03-19 11:42:22 Started transferring input files
	Transferring to host: <134.75.127.114:9618?addrs=134.75.127.114-9618&alias=condor-wn1010.sdfarm.kr&noUDP&sock=slot1_35_4956_b343_325142>
...
040 (2273306.000.000) 2024-03-19 11:42:22 Finished transferring input files
...
001 (2273306.000.000) 2024-03-19 11:42:23 Job executing on host: <134.75.127.114:9618?addrs=134.75.127.114-9618&alias=condor-wn1010.sdfarm.kr&noUDP&sock=startd_3630_74e0>
...
006 (2273306.000.000) 2024-03-19 11:42:32 Image size of job updated: 64276
	1  -  MemoryUsage of job (MB)
	796  -  ResidentSetSize of job (KB)
...
006 (2273306.000.000) 2024-03-19 11:43:40 Image size of job updated: 9364800
	1  -  MemoryUsage of job (MB)
	796  -  ResidentSetSize of job (KB)
...
040 (2273306.000.000) 2024-03-19 11:43:40 Started transferring output files
...
040 (2273306.000.000) 2024-03-19 11:43:40 Finished transferring output files
...
005 (2273306.000.000) 2024-03-19 11:43:40 Job terminated.
	(1) Normal termination (return value 0)
		Usr 0 00:02:07, Sys 0 00:00:13  -  Run Remote Usage
		Usr 0 00:00:00, Sys 0 00:00:00  -  Run Local Usage
		Usr 0 00:02:07, Sys 0 00:00:13  -  Total Remote Usage
		Usr 0 00:00:00, Sys 0 00:00:00  -  Total Local Usage
	509674  -  Run Bytes Sent By Job
	12213  -  Run Bytes Received By Job
	509674  -  Total Bytes Sent By Job
	12213  -  Total Bytes Received By Job
	Partitionable Resources :     Usage  Request Allocated 
	   Cpus                 :      1.28        8         8 
	   Disk (KB)            : 861318          15    376705 
	   Memory (MB)          :      1        7000      7040 

	Job terminated of its own accord at 2024-03-19T02:43:40Z with exit-code 0.
...
