000 (2273332.000.000) 2024-03-19 11:34:36 Job submitted from host: <134.75.124.127:9618?addrs=134.75.124.127-9618&alias=ui20.sdfarm.kr&noUDP&sock=schedd_5058_f21d>
...
040 (2273332.000.000) 2024-03-19 11:55:07 Started transferring input files
	Transferring to host: <134.75.127.194:9618?addrs=134.75.127.194-9618&alias=cms-t3-wn3005.sdfarm.kr&noUDP&sock=slot1_49_12543_6d97_181649>
...
040 (2273332.000.000) 2024-03-19 11:55:07 Finished transferring input files
...
001 (2273332.000.000) 2024-03-19 11:55:08 Job executing on host: <134.75.127.194:9618?addrs=134.75.127.194-9618&alias=cms-t3-wn3005.sdfarm.kr&noUDP&sock=startd_3625_06e6>
...
006 (2273332.000.000) 2024-03-19 11:55:16 Image size of job updated: 64276
	1  -  MemoryUsage of job (MB)
	800  -  ResidentSetSize of job (KB)
...
006 (2273332.000.000) 2024-03-19 11:56:25 Image size of job updated: 9110984
	1  -  MemoryUsage of job (MB)
	800  -  ResidentSetSize of job (KB)
...
040 (2273332.000.000) 2024-03-19 11:56:25 Started transferring output files
...
040 (2273332.000.000) 2024-03-19 11:56:25 Finished transferring output files
...
005 (2273332.000.000) 2024-03-19 11:56:26 Job terminated.
	(1) Normal termination (return value 0)
		Usr 0 00:02:31, Sys 0 00:00:12  -  Run Remote Usage
		Usr 0 00:00:00, Sys 0 00:00:00  -  Run Local Usage
		Usr 0 00:02:31, Sys 0 00:00:12  -  Total Remote Usage
		Usr 0 00:00:00, Sys 0 00:00:00  -  Total Local Usage
	509678  -  Run Bytes Sent By Job
	12213  -  Run Bytes Received By Job
	509678  -  Total Bytes Sent By Job
	12213  -  Total Bytes Received By Job
	Partitionable Resources :     Usage  Request Allocated 
	   Cpus                 :      0.47        8         8 
	   Disk (KB)            : 740822          15    376659 
	   Memory (MB)          :      1        7000      7040 

	Job terminated of its own accord at 2024-03-19T02:56:25Z with exit-code 0.
...
