000 (2273390.000.000) 2024-03-19 11:34:43 Job submitted from host: <134.75.124.127:9618?addrs=134.75.124.127-9618&alias=ui20.sdfarm.kr&noUDP&sock=schedd_5058_f21d>
...
040 (2273390.000.000) 2024-03-19 12:10:31 Started transferring input files
	Transferring to host: <134.75.127.191:9618?addrs=134.75.127.191-9618&alias=cms-t3-wn3002.sdfarm.kr&noUDP&sock=slot1_31_5739_6502_87668>
...
040 (2273390.000.000) 2024-03-19 12:10:31 Finished transferring input files
...
001 (2273390.000.000) 2024-03-19 12:10:32 Job executing on host: <134.75.127.191:9618?addrs=134.75.127.191-9618&alias=cms-t3-wn3002.sdfarm.kr&noUDP&sock=startd_5644_e49d>
...
006 (2273390.000.000) 2024-03-19 12:10:41 Image size of job updated: 64276
	1  -  MemoryUsage of job (MB)
	804  -  ResidentSetSize of job (KB)
...
006 (2273390.000.000) 2024-03-19 12:11:56 Image size of job updated: 9374216
	1  -  MemoryUsage of job (MB)
	804  -  ResidentSetSize of job (KB)
...
040 (2273390.000.000) 2024-03-19 12:11:56 Started transferring output files
...
040 (2273390.000.000) 2024-03-19 12:11:56 Finished transferring output files
...
005 (2273390.000.000) 2024-03-19 12:11:57 Job terminated.
	(1) Normal termination (return value 0)
		Usr 0 00:02:29, Sys 0 00:00:13  -  Run Remote Usage
		Usr 0 00:00:00, Sys 0 00:00:00  -  Run Local Usage
		Usr 0 00:02:29, Sys 0 00:00:13  -  Total Remote Usage
		Usr 0 00:00:00, Sys 0 00:00:00  -  Total Local Usage
	509679  -  Run Bytes Sent By Job
	12213  -  Run Bytes Received By Job
	509679  -  Total Bytes Sent By Job
	12213  -  Total Bytes Received By Job
	Partitionable Resources :     Usage  Request Allocated 
	   Cpus                 :      1.06        8         8 
	   Disk (KB)            : 745640          15    161862 
	   Memory (MB)          :      1        7000      7040 

	Job terminated of its own accord at 2024-03-19T03:11:56Z with exit-code 0.
...
