000 (2273309.000.000) 2024-03-19 11:34:34 Job submitted from host: <134.75.124.127:9618?addrs=134.75.124.127-9618&alias=ui20.sdfarm.kr&noUDP&sock=schedd_5058_f21d>
...
040 (2273309.000.000) 2024-03-19 11:42:23 Started transferring input files
	Transferring to host: <134.75.127.191:9618?addrs=134.75.127.191-9618&alias=cms-t3-wn3002.sdfarm.kr&noUDP&sock=slot1_31_5739_6502_87618>
...
040 (2273309.000.000) 2024-03-19 11:42:23 Finished transferring input files
...
001 (2273309.000.000) 2024-03-19 11:42:24 Job executing on host: <134.75.127.191:9618?addrs=134.75.127.191-9618&alias=cms-t3-wn3002.sdfarm.kr&noUDP&sock=startd_5644_e49d>
...
006 (2273309.000.000) 2024-03-19 11:42:32 Image size of job updated: 72548
	1  -  MemoryUsage of job (MB)
	800  -  ResidentSetSize of job (KB)
...
006 (2273309.000.000) 2024-03-19 11:43:46 Image size of job updated: 9287704
	1  -  MemoryUsage of job (MB)
	800  -  ResidentSetSize of job (KB)
...
040 (2273309.000.000) 2024-03-19 11:43:46 Started transferring output files
...
040 (2273309.000.000) 2024-03-19 11:43:46 Finished transferring output files
...
005 (2273309.000.000) 2024-03-19 11:43:46 Job terminated.
	(1) Normal termination (return value 0)
		Usr 0 00:02:20, Sys 0 00:00:13  -  Run Remote Usage
		Usr 0 00:00:00, Sys 0 00:00:00  -  Run Local Usage
		Usr 0 00:02:20, Sys 0 00:00:13  -  Total Remote Usage
		Usr 0 00:00:00, Sys 0 00:00:00  -  Total Local Usage
	509703  -  Run Bytes Sent By Job
	12213  -  Run Bytes Received By Job
	509703  -  Total Bytes Sent By Job
	12213  -  Total Bytes Received By Job
	Partitionable Resources :     Usage  Request Allocated 
	   Cpus                 :      0.16        8         8 
	   Disk (KB)            : 689381          15    161862 
	   Memory (MB)          :      1        7000      7040 

	Job terminated of its own accord at 2024-03-19T02:43:46Z with exit-code 0.
...
