000 (2273350.000.000) 2024-03-19 11:34:39 Job submitted from host: <134.75.124.127:9618?addrs=134.75.124.127-9618&alias=ui20.sdfarm.kr&noUDP&sock=schedd_5058_f21d>
...
040 (2273350.000.000) 2024-03-19 11:59:45 Started transferring input files
	Transferring to host: <134.75.125.49:9618?addrs=134.75.125.49-9618&alias=kiaf-wn1006.sdfarm.kr&noUDP&sock=slot1_46_3482_2247_146934>
...
040 (2273350.000.000) 2024-03-19 11:59:45 Finished transferring input files
...
001 (2273350.000.000) 2024-03-19 11:59:46 Job executing on host: <134.75.125.49:9618?addrs=134.75.125.49-9618&alias=kiaf-wn1006.sdfarm.kr&noUDP&sock=startd_3420_69fc>
...
006 (2273350.000.000) 2024-03-19 11:59:55 Image size of job updated: 84784
	83  -  MemoryUsage of job (MB)
	84784  -  ResidentSetSize of job (KB)
...
006 (2273350.000.000) 2024-03-19 12:01:09 Image size of job updated: 9220364
	85  -  MemoryUsage of job (MB)
	86752  -  ResidentSetSize of job (KB)
...
040 (2273350.000.000) 2024-03-19 12:01:09 Started transferring output files
...
040 (2273350.000.000) 2024-03-19 12:01:09 Finished transferring output files
...
005 (2273350.000.000) 2024-03-19 12:01:09 Job terminated.
	(1) Normal termination (return value 0)
		Usr 0 00:02:32, Sys 0 00:00:13  -  Run Remote Usage
		Usr 0 00:00:00, Sys 0 00:00:00  -  Run Local Usage
		Usr 0 00:02:32, Sys 0 00:00:13  -  Total Remote Usage
		Usr 0 00:00:00, Sys 0 00:00:00  -  Total Local Usage
	509679  -  Run Bytes Sent By Job
	12213  -  Run Bytes Received By Job
	509679  -  Total Bytes Sent By Job
	12213  -  Total Bytes Received By Job
	Partitionable Resources :     Usage  Request Allocated 
	   Cpus                 :      1.25        8         8 
	   Disk (KB)            : 672075          15    365511 
	   Memory (MB)          :     85        7000      7040 

	Job terminated of its own accord at 2024-03-19T03:01:09Z with exit-code 0.
...
