000 (2273361.000.000) 2024-03-19 11:34:40 Job submitted from host: <134.75.124.127:9618?addrs=134.75.124.127-9618&alias=ui20.sdfarm.kr&noUDP&sock=schedd_5058_f21d>
...
040 (2273361.000.000) 2024-03-19 12:02:35 Started transferring input files
	Transferring to host: <134.75.127.116:9618?addrs=134.75.127.116-9618&alias=condor-wn1012.sdfarm.kr&noUDP&sock=slot1_42_56623_c698_204080>
...
040 (2273361.000.000) 2024-03-19 12:02:35 Finished transferring input files
...
001 (2273361.000.000) 2024-03-19 12:02:36 Job executing on host: <134.75.127.116:9618?addrs=134.75.127.116-9618&alias=condor-wn1012.sdfarm.kr&noUDP&sock=startd_3635_e2d9>
...
006 (2273361.000.000) 2024-03-19 12:02:45 Image size of job updated: 64276
	9  -  MemoryUsage of job (MB)
	9164  -  ResidentSetSize of job (KB)
...
006 (2273361.000.000) 2024-03-19 12:03:30 Image size of job updated: 9335364
	9  -  MemoryUsage of job (MB)
	9164  -  ResidentSetSize of job (KB)
...
040 (2273361.000.000) 2024-03-19 12:03:30 Started transferring output files
...
040 (2273361.000.000) 2024-03-19 12:03:30 Finished transferring output files
...
005 (2273361.000.000) 2024-03-19 12:03:30 Job terminated.
	(1) Normal termination (return value 0)
		Usr 0 00:02:00, Sys 0 00:00:13  -  Run Remote Usage
		Usr 0 00:00:00, Sys 0 00:00:00  -  Run Local Usage
		Usr 0 00:02:00, Sys 0 00:00:13  -  Total Remote Usage
		Usr 0 00:00:00, Sys 0 00:00:00  -  Total Local Usage
	509660  -  Run Bytes Sent By Job
	12213  -  Run Bytes Received By Job
	509660  -  Total Bytes Sent By Job
	12213  -  Total Bytes Received By Job
	Partitionable Resources :     Usage  Request Allocated 
	   Cpus                 :      5.13        8         8 
	   Disk (KB)            : 672075          15    376706 
	   Memory (MB)          :      9        7000      7040 

	Job terminated of its own accord at 2024-03-19T03:03:30Z with exit-code 0.
...
