000 (2273372.000.000) 2024-03-19 11:34:41 Job submitted from host: <134.75.124.127:9618?addrs=134.75.124.127-9618&alias=ui20.sdfarm.kr&noUDP&sock=schedd_5058_f21d>
...
040 (2273372.000.000) 2024-03-19 12:05:27 Started transferring input files
	Transferring to host: <134.75.127.204:9618?addrs=134.75.127.204-9618&alias=cms-t3-wn3015.sdfarm.kr&noUDP&sock=slot1_21_8742_479d_3963>
...
040 (2273372.000.000) 2024-03-19 12:05:27 Finished transferring input files
...
001 (2273372.000.000) 2024-03-19 12:05:28 Job executing on host: <134.75.127.204:9618?addrs=134.75.127.204-9618&alias=cms-t3-wn3015.sdfarm.kr&noUDP&sock=startd_8640_e65b>
...
006 (2273372.000.000) 2024-03-19 12:05:37 Image size of job updated: 67644
	1  -  MemoryUsage of job (MB)
	800  -  ResidentSetSize of job (KB)
...
006 (2273372.000.000) 2024-03-19 12:06:59 Image size of job updated: 9255708
	1  -  MemoryUsage of job (MB)
	800  -  ResidentSetSize of job (KB)
...
040 (2273372.000.000) 2024-03-19 12:07:00 Started transferring output files
...
040 (2273372.000.000) 2024-03-19 12:07:00 Finished transferring output files
...
005 (2273372.000.000) 2024-03-19 12:07:00 Job terminated.
	(1) Normal termination (return value 0)
		Usr 0 00:02:06, Sys 0 00:00:12  -  Run Remote Usage
		Usr 0 00:00:00, Sys 0 00:00:00  -  Run Local Usage
		Usr 0 00:02:06, Sys 0 00:00:12  -  Total Remote Usage
		Usr 0 00:00:00, Sys 0 00:00:00  -  Total Local Usage
	509658  -  Run Bytes Sent By Job
	12213  -  Run Bytes Received By Job
	509658  -  Total Bytes Sent By Job
	12213  -  Total Bytes Received By Job
	Partitionable Resources :     Usage  Request Allocated 
	   Cpus                 :      0.41        8         8 
	   Disk (KB)            : 788343          15    376531 
	   Memory (MB)          :      1        7000      7040 

	Job terminated of its own accord at 2024-03-19T03:06:59Z with exit-code 0.
...
