000 (2273344.000.000) 2024-03-19 11:34:38 Job submitted from host: <134.75.124.127:9618?addrs=134.75.124.127-9618&alias=ui20.sdfarm.kr&noUDP&sock=schedd_5058_f21d>
...
040 (2273344.000.000) 2024-03-19 11:58:11 Started transferring input files
	Transferring to host: <134.75.127.192:9618?addrs=134.75.127.192-9618&alias=cms-t3-wn3003.sdfarm.kr&noUDP&sock=slot1_27_10182_e3d7_192402>
...
040 (2273344.000.000) 2024-03-19 11:58:11 Finished transferring input files
...
001 (2273344.000.000) 2024-03-19 11:58:12 Job executing on host: <134.75.127.192:9618?addrs=134.75.127.192-9618&alias=cms-t3-wn3003.sdfarm.kr&noUDP&sock=startd_3626_b67f>
...
006 (2273344.000.000) 2024-03-19 11:58:21 Image size of job updated: 52696
	2  -  MemoryUsage of job (MB)
	1148  -  ResidentSetSize of job (KB)
...
006 (2273344.000.000) 2024-03-19 11:59:39 Image size of job updated: 9310688
	5  -  MemoryUsage of job (MB)
	5080  -  ResidentSetSize of job (KB)
...
040 (2273344.000.000) 2024-03-19 11:59:40 Started transferring output files
...
040 (2273344.000.000) 2024-03-19 11:59:40 Finished transferring output files
...
005 (2273344.000.000) 2024-03-19 11:59:40 Job terminated.
	(1) Normal termination (return value 0)
		Usr 0 00:02:33, Sys 0 00:00:12  -  Run Remote Usage
		Usr 0 00:00:00, Sys 0 00:00:00  -  Run Local Usage
		Usr 0 00:02:33, Sys 0 00:00:12  -  Total Remote Usage
		Usr 0 00:00:00, Sys 0 00:00:00  -  Total Local Usage
	509675  -  Run Bytes Sent By Job
	12213  -  Run Bytes Received By Job
	509675  -  Total Bytes Sent By Job
	12213  -  Total Bytes Received By Job
	Partitionable Resources :     Usage  Request Allocated 
	   Cpus                 :      0.79        8         8 
	   Disk (KB)            : 800279          15    156468 
	   Memory (MB)          :      5        7000      7040 

	Job terminated of its own accord at 2024-03-19T02:59:39Z with exit-code 0.
...
