000 (2273385.000.000) 2024-03-19 11:34:43 Job submitted from host: <134.75.124.127:9618?addrs=134.75.124.127-9618&alias=ui20.sdfarm.kr&noUDP&sock=schedd_5058_f21d>
...
040 (2273385.000.000) 2024-03-19 12:08:40 Started transferring input files
	Transferring to host: <134.75.127.204:9618?addrs=134.75.127.204-9618&alias=cms-t3-wn3015.sdfarm.kr&noUDP&sock=slot1_21_8742_479d_3969>
...
040 (2273385.000.000) 2024-03-19 12:08:41 Finished transferring input files
...
001 (2273385.000.000) 2024-03-19 12:08:42 Job executing on host: <134.75.127.204:9618?addrs=134.75.127.204-9618&alias=cms-t3-wn3015.sdfarm.kr&noUDP&sock=startd_8640_e65b>
...
006 (2273385.000.000) 2024-03-19 12:08:50 Image size of job updated: 808
	1  -  MemoryUsage of job (MB)
	808  -  ResidentSetSize of job (KB)
...
006 (2273385.000.000) 2024-03-19 12:10:11 Image size of job updated: 9336560
	1  -  MemoryUsage of job (MB)
	808  -  ResidentSetSize of job (KB)
...
040 (2273385.000.000) 2024-03-19 12:10:11 Started transferring output files
...
040 (2273385.000.000) 2024-03-19 12:10:11 Finished transferring output files
...
005 (2273385.000.000) 2024-03-19 12:10:11 Job terminated.
	(1) Normal termination (return value 0)
		Usr 0 00:02:01, Sys 0 00:00:12  -  Run Remote Usage
		Usr 0 00:00:00, Sys 0 00:00:00  -  Run Local Usage
		Usr 0 00:02:01, Sys 0 00:00:12  -  Total Remote Usage
		Usr 0 00:00:00, Sys 0 00:00:00  -  Total Local Usage
	509630  -  Run Bytes Sent By Job
	12213  -  Run Bytes Received By Job
	509630  -  Total Bytes Sent By Job
	12213  -  Total Bytes Received By Job
	Partitionable Resources :     Usage  Request Allocated 
	   Cpus                 :      1.30        8         8 
	   Disk (KB)            : 672075          15    376531 
	   Memory (MB)          :      1        7000      7040 

	Job terminated of its own accord at 2024-03-19T03:10:11Z with exit-code 0.
...
