000 (2273355.000.000) 2024-03-19 11:34:39 Job submitted from host: <134.75.124.127:9618?addrs=134.75.124.127-9618&alias=ui20.sdfarm.kr&noUDP&sock=schedd_5058_f21d>
...
040 (2273355.000.000) 2024-03-19 12:01:40 Started transferring input files
	Transferring to host: <134.75.127.196:9618?addrs=134.75.127.196-9618&alias=cms-t3-wn3007.sdfarm.kr&noUDP&sock=slot1_32_4958_1c03_3901>
...
040 (2273355.000.000) 2024-03-19 12:01:40 Finished transferring input files
...
001 (2273355.000.000) 2024-03-19 12:01:41 Job executing on host: <134.75.127.196:9618?addrs=134.75.127.196-9618&alias=cms-t3-wn3007.sdfarm.kr&noUDP&sock=startd_4862_818d>
...
006 (2273355.000.000) 2024-03-19 12:01:50 Image size of job updated: 808
	1  -  MemoryUsage of job (MB)
	792  -  ResidentSetSize of job (KB)
...
006 (2273355.000.000) 2024-03-19 12:03:21 Image size of job updated: 9255576
	1  -  MemoryUsage of job (MB)
	792  -  ResidentSetSize of job (KB)
...
040 (2273355.000.000) 2024-03-19 12:03:22 Started transferring output files
...
040 (2273355.000.000) 2024-03-19 12:03:22 Finished transferring output files
...
005 (2273355.000.000) 2024-03-19 12:03:22 Job terminated.
	(1) Normal termination (return value 0)
		Usr 0 00:02:23, Sys 0 00:00:11  -  Run Remote Usage
		Usr 0 00:00:00, Sys 0 00:00:00  -  Run Local Usage
		Usr 0 00:02:23, Sys 0 00:00:11  -  Total Remote Usage
		Usr 0 00:00:00, Sys 0 00:00:00  -  Total Local Usage
	509681  -  Run Bytes Sent By Job
	12213  -  Run Bytes Received By Job
	509681  -  Total Bytes Sent By Job
	12213  -  Total Bytes Received By Job
	Partitionable Resources :     Usage  Request Allocated 
	   Cpus                 :      2.07        8         8 
	   Disk (KB)            : 746512          15    376506 
	   Memory (MB)          :      1        7000      7040 

	Job terminated of its own accord at 2024-03-19T03:03:21Z with exit-code 0.
...
