000 (2273318.000.000) 2024-03-19 11:34:35 Job submitted from host: <134.75.124.127:9618?addrs=134.75.124.127-9618&alias=ui20.sdfarm.kr&noUDP&sock=schedd_5058_f21d>
...
040 (2273318.000.000) 2024-03-19 11:50:30 Started transferring input files
	Transferring to host: <134.75.127.211:9618?addrs=134.75.127.211-9618&alias=cms-t3-wn3022.sdfarm.kr&noUDP&sock=slot1_52_4975_1663_4767>
...
040 (2273318.000.000) 2024-03-19 11:50:30 Finished transferring input files
...
001 (2273318.000.000) 2024-03-19 11:50:31 Job executing on host: <134.75.127.211:9618?addrs=134.75.127.211-9618&alias=cms-t3-wn3022.sdfarm.kr&noUDP&sock=startd_4839_bae0>
...
006 (2273318.000.000) 2024-03-19 11:50:39 Image size of job updated: 800
	1  -  MemoryUsage of job (MB)
	800  -  ResidentSetSize of job (KB)
...
006 (2273318.000.000) 2024-03-19 11:51:42 Image size of job updated: 9385124
	1  -  MemoryUsage of job (MB)
	800  -  ResidentSetSize of job (KB)
...
040 (2273318.000.000) 2024-03-19 11:51:42 Started transferring output files
...
040 (2273318.000.000) 2024-03-19 11:51:42 Finished transferring output files
...
005 (2273318.000.000) 2024-03-19 11:51:42 Job terminated.
	(1) Normal termination (return value 0)
		Usr 0 00:02:34, Sys 0 00:00:12  -  Run Remote Usage
		Usr 0 00:00:00, Sys 0 00:00:00  -  Run Local Usage
		Usr 0 00:02:34, Sys 0 00:00:12  -  Total Remote Usage
		Usr 0 00:00:00, Sys 0 00:00:00  -  Total Local Usage
	509681  -  Run Bytes Sent By Job
	12213  -  Run Bytes Received By Job
	509681  -  Total Bytes Sent By Job
	12213  -  Total Bytes Received By Job
	Partitionable Resources :    Usage  Request Allocated 
	   Cpus                 :        0        8         8 
	   Disk (KB)            :   710365       15    376528 
	   Memory (MB)          :        1     7000      7040 

	Job terminated of its own accord at 2024-03-19T02:51:42Z with exit-code 0.
...
