000 (2273377.000.000) 2024-03-19 11:34:42 Job submitted from host: <134.75.124.127:9618?addrs=134.75.124.127-9618&alias=ui20.sdfarm.kr&noUDP&sock=schedd_5058_f21d>
...
040 (2273377.000.000) 2024-03-19 12:05:52 Started transferring input files
	Transferring to host: <134.75.127.202:9618?addrs=134.75.127.202-9618&alias=cms-t3-wn3013.sdfarm.kr&noUDP&sock=slot1_36_8793_36bf_4574>
...
040 (2273377.000.000) 2024-03-19 12:05:52 Finished transferring input files
...
001 (2273377.000.000) 2024-03-19 12:05:53 Job executing on host: <134.75.127.202:9618?addrs=134.75.127.202-9618&alias=cms-t3-wn3013.sdfarm.kr&noUDP&sock=startd_8691_e1af>
...
006 (2273377.000.000) 2024-03-19 12:06:02 Image size of job updated: 64276
	1  -  MemoryUsage of job (MB)
	796  -  ResidentSetSize of job (KB)
...
006 (2273377.000.000) 2024-03-19 12:07:17 Image size of job updated: 9095164
	1  -  MemoryUsage of job (MB)
	796  -  ResidentSetSize of job (KB)
...
040 (2273377.000.000) 2024-03-19 12:07:17 Started transferring output files
...
040 (2273377.000.000) 2024-03-19 12:07:17 Finished transferring output files
...
005 (2273377.000.000) 2024-03-19 12:07:17 Job terminated.
	(1) Normal termination (return value 0)
		Usr 0 00:02:28, Sys 0 00:00:13  -  Run Remote Usage
		Usr 0 00:00:00, Sys 0 00:00:00  -  Run Local Usage
		Usr 0 00:02:28, Sys 0 00:00:13  -  Total Remote Usage
		Usr 0 00:00:00, Sys 0 00:00:00  -  Total Local Usage
	509654  -  Run Bytes Sent By Job
	12213  -  Run Bytes Received By Job
	509654  -  Total Bytes Sent By Job
	12213  -  Total Bytes Received By Job
	Partitionable Resources :     Usage  Request Allocated 
	   Cpus                 :      3.33        8         8 
	   Disk (KB)            : 682526          15    376520 
	   Memory (MB)          :      1        7000      7040 

	Job terminated of its own accord at 2024-03-19T03:07:17Z with exit-code 0.
...
