000 (2273308.000.000) 2024-03-19 11:34:34 Job submitted from host: <134.75.124.127:9618?addrs=134.75.124.127-9618&alias=ui20.sdfarm.kr&noUDP&sock=schedd_5058_f21d>
...
040 (2273308.000.000) 2024-03-19 11:42:22 Started transferring input files
	Transferring to host: <134.75.124.92:9618?addrs=134.75.124.92-9618&alias=condor-wn2209.sdfarm.kr&noUDP&sock=slot1_30_3587_1dab_203666>
...
040 (2273308.000.000) 2024-03-19 11:42:22 Finished transferring input files
...
001 (2273308.000.000) 2024-03-19 11:42:23 Job executing on host: <134.75.124.92:9618?addrs=134.75.124.92-9618&alias=condor-wn2209.sdfarm.kr&noUDP&sock=startd_3524_bfd6>
...
006 (2273308.000.000) 2024-03-19 11:42:32 Image size of job updated: 800
	1  -  MemoryUsage of job (MB)
	800  -  ResidentSetSize of job (KB)
...
006 (2273308.000.000) 2024-03-19 11:43:39 Image size of job updated: 9389456
	1  -  MemoryUsage of job (MB)
	800  -  ResidentSetSize of job (KB)
...
040 (2273308.000.000) 2024-03-19 11:43:39 Started transferring output files
...
040 (2273308.000.000) 2024-03-19 11:43:39 Finished transferring output files
...
005 (2273308.000.000) 2024-03-19 11:43:39 Job terminated.
	(1) Normal termination (return value 0)
		Usr 0 00:01:42, Sys 0 00:00:10  -  Run Remote Usage
		Usr 0 00:00:00, Sys 0 00:00:00  -  Run Local Usage
		Usr 0 00:01:42, Sys 0 00:00:10  -  Total Remote Usage
		Usr 0 00:00:00, Sys 0 00:00:00  -  Total Local Usage
	509683  -  Run Bytes Sent By Job
	12213  -  Run Bytes Received By Job
	509683  -  Total Bytes Sent By Job
	12213  -  Total Bytes Received By Job
	Partitionable Resources :     Usage  Request Allocated 
	   Cpus                 :      2.07        8         8 
	   Disk (KB)            : 816134          15    376073 
	   Memory (MB)          :      1        7000      7040 

	Job terminated of its own accord at 2024-03-19T02:43:38Z with exit-code 0.
...
