000 (2273337.000.000) 2024-03-19 11:34:37 Job submitted from host: <134.75.124.127:9618?addrs=134.75.124.127-9618&alias=ui20.sdfarm.kr&noUDP&sock=schedd_5058_f21d>
...
040 (2273337.000.000) 2024-03-19 11:56:32 Started transferring input files
	Transferring to host: <134.75.127.194:9618?addrs=134.75.127.194-9618&alias=cms-t3-wn3005.sdfarm.kr&noUDP&sock=slot1_49_12543_6d97_181650>
...
040 (2273337.000.000) 2024-03-19 11:56:32 Finished transferring input files
...
001 (2273337.000.000) 2024-03-19 11:56:33 Job executing on host: <134.75.127.194:9618?addrs=134.75.127.194-9618&alias=cms-t3-wn3005.sdfarm.kr&noUDP&sock=startd_3625_06e6>
...
006 (2273337.000.000) 2024-03-19 11:56:41 Image size of job updated: 796
	1  -  MemoryUsage of job (MB)
	796  -  ResidentSetSize of job (KB)
...
006 (2273337.000.000) 2024-03-19 11:57:35 Image size of job updated: 8981408
	1  -  MemoryUsage of job (MB)
	796  -  ResidentSetSize of job (KB)
...
040 (2273337.000.000) 2024-03-19 11:57:35 Started transferring output files
...
040 (2273337.000.000) 2024-03-19 11:57:35 Finished transferring output files
...
005 (2273337.000.000) 2024-03-19 11:57:36 Job terminated.
	(1) Normal termination (return value 0)
		Usr 0 00:01:41, Sys 0 00:00:11  -  Run Remote Usage
		Usr 0 00:00:00, Sys 0 00:00:00  -  Run Local Usage
		Usr 0 00:01:41, Sys 0 00:00:11  -  Total Remote Usage
		Usr 0 00:00:00, Sys 0 00:00:00  -  Total Local Usage
	509563  -  Run Bytes Sent By Job
	12213  -  Run Bytes Received By Job
	509563  -  Total Bytes Sent By Job
	12213  -  Total Bytes Received By Job
	Partitionable Resources :     Usage  Request Allocated 
	   Cpus                 :      3.83        8         8 
	   Disk (KB)            : 768251          15    376659 
	   Memory (MB)          :      1        7000      7040 

	Job terminated of its own accord at 2024-03-19T02:57:35Z with exit-code 0.
...
