000 (2273352.000.000) 2024-03-19 11:34:39 Job submitted from host: <134.75.124.127:9618?addrs=134.75.124.127-9618&alias=ui20.sdfarm.kr&noUDP&sock=schedd_5058_f21d>
...
040 (2273352.000.000) 2024-03-19 12:00:14 Started transferring input files
	Transferring to host: <134.75.127.192:9618?addrs=134.75.127.192-9618&alias=cms-t3-wn3003.sdfarm.kr&noUDP&sock=slot1_27_10182_e3d7_192405>
...
040 (2273352.000.000) 2024-03-19 12:00:14 Finished transferring input files
...
001 (2273352.000.000) 2024-03-19 12:00:15 Job executing on host: <134.75.127.192:9618?addrs=134.75.127.192-9618&alias=cms-t3-wn3003.sdfarm.kr&noUDP&sock=startd_3626_b67f>
...
006 (2273352.000.000) 2024-03-19 12:00:24 Image size of job updated: 692360
	1  -  MemoryUsage of job (MB)
	796  -  ResidentSetSize of job (KB)
...
006 (2273352.000.000) 2024-03-19 12:01:16 Image size of job updated: 9329904
	1  -  MemoryUsage of job (MB)
	796  -  ResidentSetSize of job (KB)
...
040 (2273352.000.000) 2024-03-19 12:01:16 Started transferring output files
...
040 (2273352.000.000) 2024-03-19 12:01:16 Finished transferring output files
...
005 (2273352.000.000) 2024-03-19 12:01:16 Job terminated.
	(1) Normal termination (return value 0)
		Usr 0 00:02:40, Sys 0 00:00:13  -  Run Remote Usage
		Usr 0 00:00:00, Sys 0 00:00:00  -  Run Local Usage
		Usr 0 00:02:40, Sys 0 00:00:13  -  Total Remote Usage
		Usr 0 00:00:00, Sys 0 00:00:00  -  Total Local Usage
	509660  -  Run Bytes Sent By Job
	12213  -  Run Bytes Received By Job
	509660  -  Total Bytes Sent By Job
	12213  -  Total Bytes Received By Job
	Partitionable Resources :     Usage  Request Allocated 
	   Cpus                 :      4.75        8         8 
	   Disk (KB)            : 672075          15    156468 
	   Memory (MB)          :      1        7000      7040 

	Job terminated of its own accord at 2024-03-19T03:01:16Z with exit-code 0.
...
