000 (2273305.000.000) 2024-03-19 11:34:33 Job submitted from host: <134.75.124.127:9618?addrs=134.75.124.127-9618&alias=ui20.sdfarm.kr&noUDP&sock=schedd_5058_f21d>
...
040 (2273305.000.000) 2024-03-19 11:40:29 Started transferring input files
	Transferring to host: <134.75.124.92:9618?addrs=134.75.124.92-9618&alias=condor-wn2209.sdfarm.kr&noUDP&sock=slot1_30_3587_1dab_203665>
...
040 (2273305.000.000) 2024-03-19 11:40:29 Finished transferring input files
...
001 (2273305.000.000) 2024-03-19 11:40:30 Job executing on host: <134.75.124.92:9618?addrs=134.75.124.92-9618&alias=condor-wn2209.sdfarm.kr&noUDP&sock=startd_3524_bfd6>
...
006 (2273305.000.000) 2024-03-19 11:40:39 Image size of job updated: 64276
	1  -  MemoryUsage of job (MB)
	804  -  ResidentSetSize of job (KB)
...
006 (2273305.000.000) 2024-03-19 11:41:52 Image size of job updated: 9405500
	1  -  MemoryUsage of job (MB)
	804  -  ResidentSetSize of job (KB)
...
040 (2273305.000.000) 2024-03-19 11:41:52 Started transferring output files
...
040 (2273305.000.000) 2024-03-19 11:41:52 Finished transferring output files
...
005 (2273305.000.000) 2024-03-19 11:41:52 Job terminated.
	(1) Normal termination (return value 0)
		Usr 0 00:01:47, Sys 0 00:00:10  -  Run Remote Usage
		Usr 0 00:00:00, Sys 0 00:00:00  -  Run Local Usage
		Usr 0 00:01:47, Sys 0 00:00:10  -  Total Remote Usage
		Usr 0 00:00:00, Sys 0 00:00:00  -  Total Local Usage
	509694  -  Run Bytes Sent By Job
	12213  -  Run Bytes Received By Job
	509694  -  Total Bytes Sent By Job
	12213  -  Total Bytes Received By Job
	Partitionable Resources :     Usage  Request Allocated 
	   Cpus                 :      2.06        8         8 
	   Disk (KB)            : 684242          15    376073 
	   Memory (MB)          :      1        7000      7040 

	Job terminated of its own accord at 2024-03-19T02:41:52Z with exit-code 0.
...
