000 (2273346.000.000) 2024-03-19 11:34:38 Job submitted from host: <134.75.124.127:9618?addrs=134.75.124.127-9618&alias=ui20.sdfarm.kr&noUDP&sock=schedd_5058_f21d>
...
040 (2273346.000.000) 2024-03-19 11:59:13 Started transferring input files
	Transferring to host: <134.75.127.193:9618?addrs=134.75.127.193-9618&alias=cms-t3-wn3004.sdfarm.kr&noUDP&sock=slot1_22_54706_136a_4711>
...
040 (2273346.000.000) 2024-03-19 11:59:13 Finished transferring input files
...
001 (2273346.000.000) 2024-03-19 11:59:14 Job executing on host: <134.75.127.193:9618?addrs=134.75.127.193-9618&alias=cms-t3-wn3004.sdfarm.kr&noUDP&sock=startd_54671_564e>
...
006 (2273346.000.000) 2024-03-19 11:59:23 Image size of job updated: 691072
	1  -  MemoryUsage of job (MB)
	800  -  ResidentSetSize of job (KB)
...
006 (2273346.000.000) 2024-03-19 12:01:26 Image size of job updated: 9355380
	1  -  MemoryUsage of job (MB)
	800  -  ResidentSetSize of job (KB)
...
040 (2273346.000.000) 2024-03-19 12:01:26 Started transferring output files
...
040 (2273346.000.000) 2024-03-19 12:01:26 Finished transferring output files
...
005 (2273346.000.000) 2024-03-19 12:01:26 Job terminated.
	(1) Normal termination (return value 0)
		Usr 0 00:02:25, Sys 0 00:00:11  -  Run Remote Usage
		Usr 0 00:00:00, Sys 0 00:00:00  -  Run Local Usage
		Usr 0 00:02:25, Sys 0 00:00:11  -  Total Remote Usage
		Usr 0 00:00:00, Sys 0 00:00:00  -  Total Local Usage
	509648  -  Run Bytes Sent By Job
	12213  -  Run Bytes Received By Job
	509648  -  Total Bytes Sent By Job
	12213  -  Total Bytes Received By Job
	Partitionable Resources :     Usage  Request Allocated 
	   Cpus                 :      0.85        8         8 
	   Disk (KB)            : 672075          15    376514 
	   Memory (MB)          :      1        7000      7040 

	Job terminated of its own accord at 2024-03-19T03:01:26Z with exit-code 0.
...
